TN:
SF:src\backfill-compact-text.ts
FN:27,findSignalsNeedingBackfill
FN:41,backfillCompactText
FNF:2
FNH:2
FNDA:7,findSignalsNeedingBackfill
FNDA:7,backfillCompactText
DA:12,1
DA:13,1
DA:27,7
DA:28,7
DA:29,7
DA:30,7
DA:32,7
DA:33,7
DA:41,7
DA:42,7
DA:43,7
DA:45,7
DA:46,2
DA:47,2
DA:48,2
DA:50,5
DA:52,7
DA:53,7
DA:54,7
DA:56,7
DA:57,7
DA:59,7
DA:60,7
DA:61,7
DA:62,7
DA:64,7
DA:65,3
DA:66,3
DA:67,7
DA:68,4
DA:69,4
DA:70,4
DA:71,7
DA:72,7
DA:74,5
DA:76,5
DA:78,5
DA:79,5
LF:38
LH:38
BRDA:27,0,0,7
BRDA:32,1,0,7
BRDA:41,2,0,7
BRDA:45,3,0,2
BRDA:48,4,0,5
BRDA:72,5,0,5
BRDA:60,6,0,7
BRDA:64,7,0,3
BRDA:67,8,0,4
BRF:9
BRH:9
end_of_record
TN:
SF:src\chat-conversation-state.ts
FN:54,createConversationState
FN:58,addTurn
FN:62,buildPrompt
FN:90,stripHtml
FN:96,formatHistory
FN:105,formatSignalIndex
FN:152,roundOnePrompt
FN:178,roundPlusPrompt
FN:195,createAgentConversation
FN:204,addToolCall
FN:209,buildNextPrompt
FNF:11
FNH:11
FNDA:6,createConversationState
FNDA:12,addTurn
FNDA:7,buildPrompt
FNDA:59,stripHtml
FNDA:52,formatHistory
FNDA:52,formatSignalIndex
FNDA:52,roundOnePrompt
FNDA:20,roundPlusPrompt
FNDA:55,createAgentConversation
FNDA:22,addToolCall
FNDA:72,buildNextPrompt
DA:54,1
DA:55,6
DA:57,6
DA:58,6
DA:59,12
DA:60,12
DA:62,6
DA:63,7
DA:64,1
DA:65,1
DA:67,6
DA:68,6
DA:69,14
DA:70,6
DA:71,6
DA:72,6
DA:73,14
DA:74,7
DA:75,7
DA:77,1
DA:78,6
DA:79,6
DA:80,6
DA:82,6
DA:83,7
DA:84,6
DA:85,6
DA:90,59
DA:91,59
DA:92,59
DA:93,59
DA:96,52
DA:97,52
DA:98,18
DA:99,59
DA:100,18
DA:101,18
DA:102,18
DA:105,52
DA:106,52
DA:107,48
DA:108,85
DA:109,48
DA:110,48
DA:113,1
DA:152,52
DA:153,52
DA:154,52
DA:156,52
DA:168,52
DA:170,52
DA:172,52
DA:174,52
DA:175,52
DA:178,20
DA:179,20
DA:181,20
DA:183,20
DA:186,20
DA:187,20
DA:195,1
DA:196,55
DA:197,55
DA:198,55
DA:199,55
DA:200,55
DA:201,55
DA:203,55
DA:204,55
DA:205,22
DA:206,22
DA:207,22
DA:209,55
DA:210,72
DA:211,52
DA:212,52
DA:213,52
DA:215,20
DA:216,20
DA:217,72
DA:218,55
DA:219,55
LF:82
LH:82
BRDA:54,0,0,6
BRDA:58,1,0,12
BRDA:62,2,0,7
BRDA:63,3,0,1
BRDA:65,4,0,6
BRDA:68,5,0,14
BRDA:69,6,0,6
BRDA:69,7,0,6
BRDA:72,8,0,8
BRDA:73,9,0,7
BRDA:75,10,0,1
BRDA:90,11,0,59
BRDA:91,12,0,0
BRDA:96,13,0,52
BRDA:97,14,0,34
BRDA:97,15,0,18
BRDA:98,16,0,59
BRDA:105,17,0,52
BRDA:106,18,0,4
BRDA:106,19,0,48
BRDA:107,20,0,85
BRDA:152,21,0,52
BRDA:178,22,0,20
BRDA:195,23,0,55
BRDA:204,24,0,22
BRDA:209,25,0,72
BRDA:210,26,0,67
BRDA:210,27,0,52
BRDA:213,28,0,20
BRF:29
BRH:28
end_of_record
TN:
SF:src\chat-queue.ts
FN:27,ChatQueue
FN:31,<instance_members_initializer>
FN:25,<static_initializer>
FN:37,enqueue
FN:50,enqueueScoped
FN:63,_dispatchProcess
FN:73,onPhaseChange
FN:82,onToken
FN:111,cancel
FN:126,statusInfo
FN:153,status
FN:161,markFailed
FNF:12
FNH:11
FNDA:27,ChatQueue
FNDA:27,<instance_members_initializer>
FNDA:4,<static_initializer>
FNDA:28,enqueue
FNDA:5,enqueueScoped
FNDA:32,_dispatchProcess
FNDA:171,onPhaseChange
FNDA:0,onToken
FNDA:2,cancel
FNDA:145,statusInfo
FNDA:12,status
FNDA:3,markFailed
DA:5,1
DA:14,1
DA:16,1
DA:19,1
DA:22,1
DA:25,1
DA:27,1
DA:28,27
DA:29,27
DA:30,27
DA:31,27
DA:37,27
DA:38,28
DA:41,28
DA:43,28
DA:44,28
DA:50,27
DA:51,5
DA:54,5
DA:56,5
DA:57,5
DA:63,27
DA:64,32
DA:65,32
DA:67,32
DA:68,27
DA:70,27
DA:71,27
DA:72,27
DA:73,27
DA:74,171
DA:76,171
DA:78,171
DA:79,171
DA:80,171
DA:81,171
DA:82,27
DA:83,0
DA:84,0
DA:85,0
DA:86,0
DA:87,0
DA:88,27
DA:89,25
DA:91,4
DA:92,4
DA:93,4
DA:94,1
DA:95,1
DA:97,3
DA:98,25
DA:100,25
DA:101,25
DA:102,25
DA:103,25
DA:104,32
DA:105,32
DA:111,27
DA:113,2
DA:114,2
DA:115,1
DA:116,1
DA:119,2
DA:120,2
DA:126,27
DA:127,145
DA:128,145
DA:129,145
DA:131,145
DA:133,145
DA:134,145
DA:137,136
DA:138,136
DA:139,136
DA:140,145
DA:141,145
DA:142,145
DA:143,145
DA:144,145
DA:153,27
DA:154,12
DA:155,12
DA:156,12
DA:158,27
DA:161,1
DA:162,3
DA:163,3
DA:164,1
LF:88
LH:83
BRDA:27,0,0,27
BRDA:31,1,0,27
BRDA:25,2,0,4
BRDA:37,3,0,28
BRDA:50,4,0,5
BRDA:63,5,0,32
BRDA:67,6,0,27
BRDA:88,7,0,25
BRDA:88,8,0,21
BRDA:89,9,0,4
BRDA:91,10,0,0
BRDA:92,11,0,0
BRDA:93,12,0,3
BRDA:93,13,0,3
BRDA:93,14,0,1
BRDA:95,15,0,3
BRDA:98,16,0,24
BRDA:73,17,0,171
BRDA:79,18,0,171
BRDA:111,19,0,2
BRDA:114,20,0,1
BRDA:126,21,0,145
BRDA:131,22,0,1
BRDA:131,23,0,144
BRDA:133,24,0,3
BRDA:133,25,0,141
BRDA:134,26,0,5
BRDA:134,27,0,5
BRDA:134,28,0,136
BRDA:140,29,0,126
BRDA:141,30,0,126
BRDA:142,31,0,126
BRDA:153,32,0,12
BRDA:155,33,0,11
BRDA:155,34,0,1
BRDA:161,35,0,3
BRF:36
BRH:34
end_of_record
TN:
SF:src\chat-response-formatter.ts
FN:22,formatTime
FN:33,findBestTitleMatch
FN:69,processText
FN:104,format
FNF:4
FNH:4
FNDA:47,formatTime
FNDA:17,findBestTitleMatch
FNDA:64,processText
FNDA:64,format
DA:14,1
DA:16,1
DA:22,47
DA:23,47
DA:24,47
DA:25,47
DA:26,47
DA:27,47
DA:33,17
DA:35,17
DA:36,12
DA:37,12
DA:41,5
DA:42,5
DA:44,5
DA:46,5
DA:47,5
DA:49,5
DA:51,2
DA:52,2
DA:53,2
DA:54,2
DA:55,2
DA:56,2
DA:57,5
DA:59,5
DA:60,5
DA:69,64
DA:71,64
DA:74,64
DA:75,64
DA:76,64
DA:77,64
DA:78,64
DA:79,64
DA:80,64
DA:81,64
DA:82,64
DA:85,64
DA:88,64
DA:91,64
DA:92,64
DA:103,1
DA:104,1
DA:107,64
DA:110,64
DA:111,64
DA:112,54
DA:113,54
DA:117,64
DA:118,64
DA:120,10
DA:121,10
DA:122,10
DA:123,7
DA:124,7
DA:125,10
DA:126,64
DA:129,64
DA:130,15
DA:131,15
DA:132,64
DA:135,64
DA:136,1
DA:137,1
DA:138,1
DA:139,1
DA:140,64
DA:143,64
DA:144,9
DA:145,9
DA:146,9
DA:147,9
DA:148,9
DA:149,9
DA:150,9
DA:151,9
DA:152,9
DA:153,9
DA:154,64
DA:157,64
DA:158,38
DA:159,38
DA:160,23
DA:161,23
DA:162,38
DA:163,64
DA:166,64
DA:169,64
DA:170,64
DA:171,64
DA:173,48
DA:174,7
DA:175,7
DA:176,7
DA:177,7
DA:178,7
DA:179,7
DA:180,7
DA:183,48
DA:184,15
DA:185,15
DA:186,48
DA:187,64
DA:190,64
DA:193,64
DA:194,64
DA:195,48
DA:196,48
DA:197,48
DA:199,48
DA:200,15
DA:202,14
DA:203,14
DA:204,14
DA:205,14
DA:206,15
DA:208,1
DA:209,1
DA:210,48
DA:212,16
DA:213,16
DA:214,16
DA:215,16
DA:216,33
DA:218,17
DA:219,17
DA:220,17
DA:221,17
DA:222,17
DA:223,48
DA:226,64
DA:227,64
DA:229,64
DA:230,47
DA:231,47
DA:232,47
DA:233,64
DA:235,64
DA:237,64
DA:238,47
DA:239,64
DA:240,64
DA:241,1
DA:244,1
LF:145
LH:145
BRDA:22,0,0,47
BRDA:33,1,0,17
BRDA:35,2,0,12
BRDA:37,3,0,5
BRDA:49,4,0,3
BRDA:49,5,0,2
BRDA:69,6,0,64
BRDA:82,7,0,23
BRDA:85,8,0,1
BRDA:104,9,0,64
BRDA:111,10,0,54
BRDA:194,11,0,48
BRDA:199,12,0,16
BRDA:199,13,0,15
BRDA:200,14,0,14
BRDA:206,15,0,1
BRDA:210,16,0,33
BRDA:210,17,0,16
BRDA:210,18,0,16
BRDA:210,19,0,16
BRDA:216,20,0,17
BRDA:118,21,0,10
BRDA:122,22,0,7
BRDA:129,23,0,15
BRDA:135,24,0,1
BRDA:143,25,0,9
BRDA:147,26,0,6
BRDA:157,27,0,38
BRDA:159,28,0,23
BRDA:158,29,0,31
BRDA:158,30,0,28
BRDA:166,31,0,22
BRDA:171,32,0,48
BRDA:173,33,0,9
BRDA:173,34,0,7
BRDA:183,35,0,16
BRDA:183,36,0,15
BRDA:190,37,0,17
BRDA:229,38,0,47
BRDA:237,39,0,47
BRF:40
BRH:40
end_of_record
TN:
SF:src\concurrency-pool.ts
FN:11,<instance_members_initializer>
FN:16,ConcurrencyPool
FN:21,run
FN:40,startTask
FN:48,slotFree
FN:57,drain
FNF:6
FNH:6
FNDA:77,<instance_members_initializer>
FNDA:77,ConcurrencyPool
FNDA:98,run
FNDA:54,startTask
FNDA:91,slotFree
FNDA:63,drain
DA:10,1
DA:11,1
DA:12,77
DA:13,77
DA:14,77
DA:16,1
DA:17,77
DA:18,77
DA:21,1
DA:22,98
DA:23,54
DA:24,54
DA:25,98
DA:27,44
DA:28,44
DA:29,44
DA:30,39
DA:31,39
DA:32,39
DA:33,44
DA:35,44
DA:36,44
DA:37,44
DA:38,98
DA:40,1
DA:41,54
DA:42,54
DA:43,54
DA:44,54
DA:45,54
DA:46,54
DA:48,1
DA:49,91
DA:50,91
DA:51,91
DA:52,39
DA:53,39
DA:54,91
DA:57,1
DA:58,63
DA:59,63
DA:60,1
LF:42
LH:42
BRDA:11,0,0,77
BRDA:16,1,0,77
BRDA:21,2,0,98
BRDA:22,3,0,54
BRDA:25,4,0,44
BRDA:27,5,0,44
BRDA:28,6,0,39
BRDA:29,7,0,39
BRDA:36,8,0,39
BRDA:40,9,0,54
BRDA:41,10,0,54
BRDA:41,11,0,51
BRDA:42,12,0,1
BRDA:43,13,0,52
BRDA:45,14,0,52
BRDA:48,15,0,91
BRDA:51,16,0,39
BRDA:57,17,0,63
BRF:18
BRH:18
end_of_record
TN:
SF:src\delete-video.ts
FN:7,deleteVideo
FNF:1
FNH:1
FNDA:5,deleteVideo
DA:7,1
DA:9,5
DA:10,5
DA:13,3
DA:16,3
DA:18,3
DA:19,3
LF:7
LH:7
BRDA:7,0,0,5
BRDA:10,1,0,2
BRDA:10,2,0,3
BRF:3
BRH:3
end_of_record
TN:
SF:src\http-retry.ts
FN:12,_delay
FN:14,__setDelay
FN:18,isTransientError
FN:26,jitterDelay
FN:32,fetchWithRetry
FN:58,onExternal
FNF:6
FNH:5
FNDA:0,_delay
FNDA:25,__setDelay
FNDA:10,isTransientError
FNDA:8,jitterDelay
FNDA:98,fetchWithRetry
FNDA:1,onExternal
DA:7,1
DA:8,1
DA:9,1
DA:12,1
DA:14,1
DA:15,25
DA:16,25
DA:18,10
DA:19,10
DA:20,8
DA:21,8
DA:22,10
DA:23,10
DA:24,10
DA:26,8
DA:27,8
DA:28,8
DA:29,8
DA:30,8
DA:32,98
DA:33,98
DA:34,98
DA:35,98
DA:36,98
DA:37,98
DA:38,98
DA:39,98
DA:41,98
DA:43,98
DA:45,106
DA:46,6
DA:47,6
DA:49,100
DA:51,100
DA:52,100
DA:55,100
DA:56,106
DA:57,3
DA:58,3
DA:59,3
DA:60,3
DA:61,0
DA:62,0
DA:63,3
DA:64,3
DA:66,100
DA:67,89
DA:70,89
DA:71,106
DA:72,11
DA:75,11
DA:76,1
DA:77,1
DA:80,11
DA:81,2
DA:82,2
DA:85,8
DA:86,8
DA:87,8
DA:88,106
DA:90,11
DA:91,98
LF:62
LH:60
BRDA:14,0,0,25
BRDA:18,1,0,10
BRDA:19,2,0,8
BRDA:21,3,0,2
BRDA:22,4,0,0
BRDA:23,5,0,1
BRDA:26,6,0,8
BRDA:32,7,0,98
BRDA:37,8,0,97
BRDA:37,9,0,2
BRDA:38,10,0,97
BRDA:38,11,0,10
BRDA:39,12,0,97
BRDA:43,13,0,106
BRDA:45,14,0,9
BRDA:45,15,0,6
BRDA:46,16,0,0
BRDA:47,17,0,100
BRDA:56,18,0,3
BRDA:60,19,0,0
BRDA:64,20,0,102
BRDA:64,21,0,100
BRDA:66,22,0,89
BRDA:71,23,0,11
BRDA:72,24,0,0
BRDA:75,25,0,1
BRDA:77,26,0,10
BRDA:80,27,0,2
BRDA:82,28,0,8
BRDA:88,29,0,11
BRDA:88,30,0,8
BRDA:90,31,0,0
BRDA:52,32,0,1
BRDA:58,33,0,1
BRDA:58,34,0,0
BRF:35
BRH:29
end_of_record
TN:
SF:src\llm-log.ts
FN:6,ensureLogDir
FN:13,timestampFilename
FN:20,logRequest
FN:29,logResponse
FN:38,logStreamResponse
FNF:5
FNH:5
FNDA:160,ensureLogDir
FNDA:160,timestampFilename
FNDA:87,logRequest
FNDA:5,logResponse
FNDA:68,logStreamResponse
DA:1,1
DA:2,1
DA:4,1
DA:6,160
DA:7,160
DA:8,0
DA:9,0
DA:10,160
DA:13,160
DA:14,160
DA:15,160
DA:16,160
DA:17,160
DA:20,1
DA:21,87
DA:22,87
DA:23,87
DA:24,87
DA:25,87
DA:26,87
DA:29,1
DA:30,5
DA:31,5
DA:32,5
DA:33,5
DA:34,5
DA:35,5
DA:38,1
DA:39,68
DA:40,68
DA:41,68
DA:42,68
DA:43,68
DA:44,68
LF:34
LH:32
BRDA:6,0,0,160
BRDA:7,1,0,0
BRDA:13,2,0,160
BRDA:20,3,0,87
BRDA:29,4,0,5
BRDA:38,5,0,68
BRF:6
BRH:5
end_of_record
TN:
SF:src\llm.ts
FN:68,callLlmSync
FN:103,callLlmStream
FN:182,callLlmStreamWithPhases
FN:312,parseQwenXmlToolCalls
FN:386,callLlmStreamWithTools
FN:431,parseChunks
FN:585,callLlmWithTools
FN:631,getLlmConfig
FN:654,extractTrailingJson
FN:671,clampScore
FN:676,callLlmStreamBuffered
FN:702,analyzeSignal
FNF:12
FNH:12
FNDA:4,callLlmSync
FNDA:3,callLlmStream
FNDA:48,callLlmStreamWithPhases
FNDA:24,parseQwenXmlToolCalls
FNDA:28,callLlmStreamWithTools
FNDA:26,parseChunks
FNDA:4,callLlmWithTools
FNDA:83,getLlmConfig
FNDA:27,extractTrailingJson
FNDA:21,clampScore
FNDA:30,callLlmStreamBuffered
FNDA:32,analyzeSignal
DA:2,1
DA:3,1
DA:4,1
DA:5,1
DA:6,1
DA:61,1
DA:62,1
DA:68,4
DA:69,4
DA:70,4
DA:71,4
DA:72,4
DA:73,4
DA:74,4
DA:75,4
DA:76,4
DA:77,4
DA:79,4
DA:80,4
DA:81,4
DA:82,4
DA:83,4
DA:85,4
DA:86,1
DA:87,1
DA:89,2
DA:90,2
DA:92,4
DA:93,1
DA:94,1
DA:96,1
DA:97,1
DA:103,3
DA:104,3
DA:105,3
DA:106,3
DA:107,3
DA:108,3
DA:109,3
DA:110,3
DA:111,3
DA:112,3
DA:113,3
DA:115,3
DA:116,3
DA:117,3
DA:118,3
DA:119,3
DA:121,3
DA:122,1
DA:123,1
DA:125,3
DA:126,0
DA:127,0
DA:129,1
DA:130,1
DA:131,1
DA:132,1
DA:134,1
DA:135,3
DA:136,4
DA:137,4
DA:139,3
DA:142,3
DA:143,3
DA:145,4
DA:146,5
DA:147,5
DA:149,3
DA:150,3
DA:152,2
DA:153,2
DA:154,2
DA:155,5
DA:156,2
DA:157,2
DA:158,2
DA:159,5
DA:161,0
DA:162,5
DA:163,3
DA:164,1
DA:165,1
DA:166,1
DA:167,1
DA:168,3
DA:182,48
DA:183,48
DA:184,48
DA:185,48
DA:186,48
DA:187,48
DA:189,48
DA:190,48
DA:191,48
DA:192,48
DA:193,48
DA:194,48
DA:195,48
DA:197,48
DA:198,48
DA:199,48
DA:200,48
DA:201,48
DA:203,48
DA:204,2
DA:205,2
DA:207,48
DA:208,1
DA:209,1
DA:212,48
DA:214,48
DA:215,48
DA:216,48
DA:217,48
DA:218,48
DA:219,48
DA:220,48
DA:221,48
DA:223,48
DA:224,48
DA:225,118
DA:226,118
DA:228,118
DA:230,118
DA:231,118
DA:233,118
DA:234,192
DA:235,192
DA:237,118
DA:238,192
DA:239,0
DA:240,0
DA:241,0
DA:243,118
DA:244,118
DA:245,118
DA:246,192
DA:249,192
DA:250,3
DA:251,3
DA:254,192
DA:256,44
DA:257,44
DA:258,44
DA:259,44
DA:260,44
DA:263,192
DA:264,23
DA:265,23
DA:266,17
DA:267,17
DA:268,23
DA:270,23
DA:271,23
DA:274,192
DA:275,51
DA:276,43
DA:277,43
DA:278,51
DA:279,51
DA:280,51
DA:281,51
DA:282,51
DA:283,192
DA:285,0
DA:286,192
DA:287,74
DA:288,0
DA:289,48
DA:290,44
DA:291,44
DA:292,48
DA:312,24
DA:313,24
DA:316,24
DA:317,24
DA:318,24
DA:319,5
DA:320,5
DA:321,5
DA:322,5
DA:323,5
DA:324,10
DA:325,10
DA:326,5
DA:327,5
DA:328,5
DA:329,5
DA:330,5
DA:331,5
DA:332,5
DA:333,5
DA:334,5
DA:337,24
DA:338,24
DA:339,24
DA:340,3
DA:341,3
DA:344,3
DA:345,3
DA:346,3
DA:347,3
DA:348,3
DA:350,3
DA:351,3
DA:352,3
DA:353,0
DA:354,0
DA:355,3
DA:357,3
DA:358,3
DA:359,3
DA:360,3
DA:361,3
DA:362,3
DA:363,3
DA:366,3
DA:367,3
DA:368,3
DA:369,3
DA:370,3
DA:371,0
DA:372,0
DA:373,3
DA:375,24
DA:376,24
DA:386,28
DA:387,28
DA:388,28
DA:389,28
DA:390,28
DA:391,28
DA:392,28
DA:394,28
DA:395,28
DA:396,28
DA:397,28
DA:398,28
DA:399,28
DA:400,28
DA:402,28
DA:403,28
DA:404,28
DA:405,28
DA:406,28
DA:408,28
DA:409,1
DA:410,1
DA:412,28
DA:413,0
DA:414,0
DA:421,26
DA:422,26
DA:423,26
DA:424,26
DA:425,26
DA:427,26
DA:429,26
DA:431,26
DA:432,26
DA:433,26
DA:434,26
DA:436,26
DA:437,26
DA:438,26
DA:439,201
DA:440,199
DA:442,199
DA:444,199
DA:445,199
DA:447,201
DA:448,375
DA:449,375
DA:451,199
DA:452,375
DA:454,0
DA:455,0
DA:456,0
DA:457,0
DA:458,0
DA:459,0
DA:460,0
DA:462,0
DA:463,0
DA:464,0
DA:465,0
DA:466,0
DA:467,0
DA:468,0
DA:470,199
DA:471,199
DA:472,199
DA:473,375
DA:475,375
DA:477,23
DA:478,5
DA:479,5
DA:480,5
DA:481,5
DA:482,5
DA:483,5
DA:485,23
DA:486,16
DA:487,16
DA:488,23
DA:489,23
DA:490,23
DA:491,23
DA:494,375
DA:495,6
DA:496,6
DA:498,6
DA:499,6
DA:502,375
DA:503,5
DA:504,5
DA:505,5
DA:506,5
DA:507,5
DA:508,5
DA:509,5
DA:510,5
DA:511,5
DA:512,5
DA:513,5
DA:515,5
DA:516,4
DA:517,4
DA:518,4
DA:519,5
DA:520,5
DA:523,375
DA:524,165
DA:528,165
DA:529,160
DA:531,165
DA:532,8
DA:533,8
DA:534,8
DA:537,8
DA:538,8
DA:539,8
DA:540,8
DA:543,8
DA:544,3
DA:545,3
DA:546,3
DA:547,3
DA:548,3
DA:549,3
DA:550,3
DA:551,165
DA:553,157
DA:554,15
DA:555,15
DA:556,15
DA:557,157
DA:558,157
DA:559,157
DA:560,165
DA:561,375
DA:563,0
DA:564,375
DA:565,176
DA:566,0
DA:567,24
DA:568,23
DA:569,23
DA:570,26
DA:571,26
DA:573,26
DA:574,26
DA:575,26
DA:576,26
DA:577,26
DA:585,4
DA:586,4
DA:587,4
DA:588,4
DA:589,4
DA:590,4
DA:591,4
DA:592,4
DA:593,4
DA:594,4
DA:595,4
DA:596,4
DA:598,4
DA:599,4
DA:600,4
DA:601,4
DA:602,4
DA:604,4
DA:605,1
DA:606,1
DA:608,3
DA:609,3
DA:610,3
DA:612,4
DA:613,1
DA:614,1
DA:616,2
DA:617,2
DA:618,2
DA:619,2
DA:620,2
DA:622,2
DA:623,2
DA:624,4
DA:625,4
DA:626,4
DA:628,1
DA:629,1
DA:631,1
DA:632,83
DA:633,83
DA:634,83
DA:635,83
DA:636,83
DA:654,27
DA:657,27
DA:658,27
DA:659,27
DA:660,27
DA:662,26
DA:663,27
DA:664,3233
DA:665,3175
DA:666,3233
DA:667,3233
DA:668,0
DA:669,0
DA:671,21
DA:672,21
DA:673,21
DA:676,30
DA:677,30
DA:678,30
DA:679,30
DA:680,30
DA:681,30
DA:682,30
DA:683,30
DA:684,30
DA:685,30
DA:686,30
DA:687,30
DA:688,30
DA:689,30
DA:690,29
DA:691,29
DA:692,27
DA:693,30
DA:694,3
DA:695,3
DA:696,0
DA:697,0
DA:698,3
DA:699,3
DA:700,30
DA:702,32
DA:703,32
DA:704,32
DA:705,32
DA:706,32
DA:707,32
DA:708,32
DA:709,32
DA:711,32
DA:712,32
DA:713,32
DA:714,32
DA:715,2
DA:716,2
DA:719,30
DA:721,30
DA:722,30
DA:723,30
DA:727,27
DA:728,27
DA:729,27
DA:731,30
DA:733,5
DA:734,5
DA:735,5
DA:737,21
DA:738,21
DA:739,21
DA:740,32
DA:742,32
DA:743,32
DA:746,32
DA:748,32
DA:750,32
DA:752,32
DA:754,32
DA:755,32
DA:756,7
DA:757,7
DA:759,21
DA:760,30
DA:761,4
DA:762,4
DA:763,4
DA:764,4
DA:765,32
LF:507
LH:473
BRDA:68,0,0,4
BRDA:83,1,0,1
BRDA:83,2,0,3
BRDA:85,3,0,1
BRDA:87,4,0,2
BRDA:92,5,0,1
BRDA:92,6,0,1
BRDA:103,7,0,3
BRDA:119,8,0,1
BRDA:119,9,0,2
BRDA:121,10,0,1
BRDA:125,11,0,0
BRDA:127,12,0,1
BRDA:135,13,0,4
BRDA:137,14,0,1
BRDA:137,15,0,3
BRDA:145,16,0,5
BRDA:147,17,0,2
BRDA:147,18,0,3
BRDA:150,19,0,1
BRDA:150,20,0,2
BRDA:155,21,0,2
BRDA:159,22,0,0
BRDA:162,23,0,3
BRDA:163,24,0,1
BRDA:182,25,0,48
BRDA:187,26,0,46
BRDA:201,27,0,46
BRDA:201,28,0,47
BRDA:203,29,0,2
BRDA:205,30,0,45
BRDA:207,31,0,1
BRDA:209,32,0,44
BRDA:212,33,0,18
BRDA:224,34,0,118
BRDA:226,35,0,0
BRDA:233,36,0,192
BRDA:235,37,0,74
BRDA:235,38,0,118
BRDA:238,39,0,0
BRDA:241,40,0,118
BRDA:246,41,0,118
BRDA:249,42,0,3
BRDA:249,43,0,3
BRDA:251,44,0,118
BRDA:254,45,0,150
BRDA:254,46,0,44
BRDA:256,47,0,41
BRDA:257,48,0,18
BRDA:260,49,0,74
BRDA:263,50,0,23
BRDA:265,51,0,17
BRDA:268,52,0,20
BRDA:271,53,0,51
BRDA:274,54,0,51
BRDA:275,55,0,43
BRDA:279,56,0,24
BRDA:283,57,0,0
BRDA:286,58,0,74
BRDA:287,59,0,0
BRDA:289,60,0,44
BRDA:312,61,0,24
BRDA:318,62,0,5
BRDA:323,63,0,10
BRDA:339,64,0,3
BRDA:352,65,0,0
BRDA:370,66,0,0
BRDA:386,67,0,28
BRDA:392,68,0,13
BRDA:406,69,0,13
BRDA:406,70,0,27
BRDA:408,71,0,1
BRDA:410,72,0,26
BRDA:412,73,0,0
BRDA:414,74,0,26
BRDA:431,75,0,26
BRDA:436,76,0,26
BRDA:438,77,0,201
BRDA:439,78,0,199
BRDA:440,79,0,0
BRDA:447,80,0,199
BRDA:447,81,0,375
BRDA:449,82,0,176
BRDA:449,83,0,199
BRDA:452,84,0,0
BRDA:468,85,0,199
BRDA:473,86,0,199
BRDA:475,87,0,23
BRDA:477,88,0,5
BRDA:485,89,0,16
BRDA:488,90,0,10
BRDA:491,91,0,176
BRDA:494,92,0,6
BRDA:496,93,0,5
BRDA:499,94,0,170
BRDA:502,95,0,5
BRDA:502,96,0,5
BRDA:507,97,0,0
BRDA:507,98,0,0
BRDA:515,99,0,4
BRDA:517,100,0,2
BRDA:520,101,0,170
BRDA:523,102,0,165
BRDA:528,103,0,160
BRDA:529,104,0,3
BRDA:531,105,0,8
BRDA:539,106,0,2
BRDA:543,107,0,3
BRDA:546,108,0,1
BRDA:551,109,0,157
BRDA:553,110,0,15
BRDA:555,111,0,8
BRDA:561,112,0,0
BRDA:564,113,0,176
BRDA:565,114,0,24
BRDA:565,115,0,0
BRDA:567,116,0,23
BRDA:585,117,0,4
BRDA:602,118,0,0
BRDA:604,119,0,1
BRDA:606,120,0,3
BRDA:612,121,0,2
BRDA:612,122,0,2
BRDA:612,123,0,1
BRDA:614,124,0,2
BRDA:624,125,0,2
BRDA:616,126,0,2
BRDA:619,127,0,0
BRDA:631,128,0,83
BRDA:633,129,0,1
BRDA:634,130,0,1
BRDA:654,131,0,27
BRDA:659,132,0,41
BRDA:659,133,0,15
BRDA:660,134,0,1
BRDA:660,135,0,26
BRDA:663,136,0,3233
BRDA:664,137,0,58
BRDA:664,138,0,3175
BRDA:665,139,0,58
BRDA:666,140,0,26
BRDA:667,141,0,0
BRDA:671,142,0,21
BRDA:676,143,0,30
BRDA:689,144,0,28
BRDA:689,145,0,29
BRDA:691,146,0,27
BRDA:693,147,0,3
BRDA:694,148,0,0
BRDA:695,149,0,0
BRDA:702,150,0,32
BRDA:714,151,0,2
BRDA:715,152,0,0
BRDA:716,153,0,30
BRDA:723,154,0,27
BRDA:731,155,0,5
BRDA:735,156,0,21
BRDA:740,157,0,3
BRDA:740,158,0,18
BRDA:742,159,0,19
BRDA:755,160,0,30
BRDA:755,161,0,7
BRDA:757,162,0,21
BRDA:760,163,0,4
BRDA:761,164,0,0
BRDA:737,165,0,3
BRF:166
BRH:144
end_of_record
TN:
SF:src\phase-registry.ts
FN:18,<instance_members_initializer>
FN:20,set
FN:29,get
FN:33,delete
FN:38,getAll
FNF:5
FNH:5
FNDA:105,<instance_members_initializer>
FNDA:217,set
FNDA:172,get
FNDA:36,delete
FNDA:6,getAll
DA:17,1
DA:18,1
DA:20,1
DA:21,217
DA:23,217
DA:24,3
DA:25,214
DA:26,217
DA:27,217
DA:29,1
DA:30,172
DA:31,172
DA:33,1
DA:34,36
DA:35,36
DA:38,1
DA:39,6
DA:40,6
DA:41,1
LF:19
LH:19
BRDA:18,0,0,105
BRDA:20,1,0,217
BRDA:23,2,0,18
BRDA:23,3,0,3
BRDA:23,4,0,3
BRDA:24,5,0,214
BRDA:25,6,0,174
BRDA:25,7,0,40
BRDA:29,8,0,172
BRDA:33,9,0,36
BRDA:38,10,0,6
BRF:11
BRH:11
end_of_record
TN:
SF:src\poll-run-manager.ts
FN:55,PollRunManager
FN:61,get database
FN:68,startRun
FN:83,abortRun
FN:88,runState
FN:108,currentProgress
FN:121,getSignalPhases
FN:135,_getPhaseRegistry
FN:141,enqueuePollRun
FN:151,workerProcessRun
FN:181,upsertProgress
FN:193,incrementDone
FN:297,abortPollRun
FNF:13
FNH:12
FNDA:65,PollRunManager
FNDA:0,get database
FNDA:35,startRun
FNDA:9,abortRun
FNDA:38,runState
FNDA:15,currentProgress
FNDA:6,getSignalPhases
FNDA:2,_getPhaseRegistry
FNDA:35,enqueuePollRun
FNDA:35,workerProcessRun
FNDA:15,upsertProgress
FNDA:6,incrementDone
FNDA:9,abortPollRun
DA:2,1
DA:3,1
DA:4,1
DA:5,1
DA:6,1
DA:7,1
DA:8,1
DA:9,1
DA:15,1
DA:48,1
DA:49,1
DA:51,1
DA:53,1
DA:55,1
DA:56,65
DA:57,65
DA:58,65
DA:61,1
DA:62,0
DA:63,0
DA:68,1
DA:69,35
DA:72,35
DA:75,35
DA:76,35
DA:77,35
DA:79,35
DA:80,35
DA:83,1
DA:84,9
DA:85,9
DA:88,1
DA:89,38
DA:90,38
DA:92,37
DA:93,37
DA:94,27
DA:95,27
DA:96,27
DA:97,27
DA:98,37
DA:100,37
DA:101,37
DA:102,37
DA:103,37
DA:104,37
DA:105,38
DA:108,1
DA:109,15
DA:110,15
DA:111,15
DA:113,11
DA:114,15
DA:116,11
DA:117,11
DA:118,15
DA:121,1
DA:122,6
DA:123,6
DA:124,4
DA:125,4
DA:126,4
DA:127,4
DA:128,4
DA:129,4
DA:130,4
DA:131,6
DA:132,6
DA:135,1
DA:136,2
DA:137,2
DA:141,1
DA:142,35
DA:143,35
DA:144,35
DA:145,35
DA:146,35
DA:147,35
DA:151,1
DA:152,35
DA:155,35
DA:156,35
DA:157,35
DA:158,35
DA:161,35
DA:164,35
DA:165,35
DA:166,35
DA:168,35
DA:169,0
DA:170,0
DA:172,35
DA:173,35
DA:175,35
DA:178,35
DA:181,35
DA:182,15
DA:183,15
DA:184,15
DA:185,15
DA:186,0
DA:187,0
DA:188,0
DA:189,0
DA:190,15
DA:193,35
DA:194,6
DA:195,6
DA:196,6
DA:197,6
DA:200,6
DA:201,6
DA:202,6
DA:204,6
DA:205,4
DA:206,4
DA:207,4
DA:208,4
DA:209,6
DA:210,6
DA:213,35
DA:214,18
DA:215,0
DA:216,0
DA:217,0
DA:219,18
DA:221,18
DA:222,18
DA:223,18
DA:224,18
DA:226,9
DA:228,9
DA:230,5
DA:232,5
DA:235,5
DA:237,8
DA:238,8
DA:240,8
DA:241,8
DA:242,8
DA:243,0
DA:244,8
DA:245,8
DA:246,3
DA:247,3
DA:249,2
DA:250,2
DA:251,2
DA:252,1
DA:253,1
DA:256,8
DA:257,6
DA:258,6
DA:261,6
DA:262,8
DA:263,8
DA:264,10
DA:266,4
DA:267,4
DA:268,18
DA:269,6
DA:270,6
DA:271,18
DA:274,32
DA:277,35
DA:278,1
DA:279,1
DA:280,1
DA:281,1
DA:282,1
DA:285,31
DA:288,31
DA:289,31
DA:290,31
DA:292,31
DA:293,35
DA:297,1
DA:299,9
DA:300,9
DA:301,1
DA:302,1
DA:303,1
DA:306,9
DA:308,9
DA:310,9
DA:311,2
DA:312,2
DA:314,9
DA:315,1
DA:316,1
DA:318,6
DA:321,6
DA:323,6
DA:326,6
DA:329,6
DA:331,6
DA:332,6
DA:334,6
DA:335,9
DA:337,1
LF:200
LH:188
BRDA:55,0,0,65
BRDA:68,1,0,35
BRDA:83,2,0,9
BRDA:88,3,0,38
BRDA:90,4,0,1
BRDA:90,5,0,37
BRDA:93,6,0,27
BRDA:108,7,0,15
BRDA:111,8,0,4
BRDA:111,9,0,11
BRDA:114,10,0,0
BRDA:114,11,0,11
BRDA:121,12,0,6
BRDA:123,13,0,4
BRDA:135,14,0,2
BRDA:141,15,0,35
BRDA:151,16,0,35
BRDA:158,17,0,0
BRDA:168,18,0,0
BRDA:178,19,0,34
BRDA:213,20,0,32
BRDA:213,21,0,18
BRDA:214,22,0,0
BRDA:224,23,0,10
BRDA:224,24,0,9
BRDA:228,25,0,5
BRDA:235,26,0,8
BRDA:237,27,0,0
BRDA:238,28,0,0
BRDA:264,29,0,4
BRDA:268,30,0,6
BRDA:277,31,0,1
BRDA:282,32,0,31
BRDA:181,33,0,15
BRDA:185,34,0,0
BRDA:193,35,0,6
BRDA:194,36,0,6
BRDA:204,37,0,4
BRDA:204,38,0,4
BRDA:240,39,0,8
BRDA:244,40,0,5
BRDA:245,41,0,3
BRDA:247,42,0,1
BRDA:247,43,0,2
BRDA:251,44,0,1
BRDA:253,45,0,6
BRDA:256,46,0,6
BRDA:297,47,0,9
BRDA:300,48,0,1
BRDA:310,49,0,8
BRDA:310,50,0,2
BRDA:312,51,0,7
BRDA:314,52,0,1
BRDA:316,53,0,6
BRDA:321,54,0,6
BRF:55
BRH:48
end_of_record
TN:
SF:src\poll.ts
FN:21,ingestSignal
FN:80,pollChannel
FNF:2
FNH:2
FNDA:15,ingestSignal
FNDA:15,pollChannel
DA:2,1
DA:3,1
DA:4,1
DA:21,15
DA:22,15
DA:23,15
DA:24,15
DA:25,15
DA:27,15
DA:28,15
DA:29,1
DA:30,1
DA:33,14
DA:34,14
DA:35,14
DA:36,14
DA:37,15
DA:38,0
DA:39,0
DA:40,0
DA:41,15
DA:42,1
DA:43,1
DA:46,15
DA:47,2
DA:48,2
DA:51,11
DA:52,11
DA:53,11
DA:54,11
DA:55,11
DA:56,11
DA:57,11
DA:58,11
DA:59,11
DA:60,11
DA:61,15
DA:62,15
DA:64,15
DA:65,15
DA:80,15
DA:81,15
DA:82,15
DA:83,15
DA:84,15
DA:86,15
DA:87,15
DA:88,1
DA:89,1
DA:92,14
DA:93,14
DA:94,14
DA:95,14
DA:98,15
DA:99,5
DA:100,5
DA:102,6
DA:103,6
DA:104,6
DA:107,7
DA:108,10
DA:109,10
DA:110,10
DA:111,10
DA:113,10
DA:114,9
DA:115,10
DA:116,1
DA:117,1
DA:118,1
DA:119,10
DA:121,6
DA:122,6
DA:123,6
DA:124,6
DA:125,6
DA:126,6
LF:77
LH:74
BRDA:21,0,0,15
BRDA:28,1,0,1
BRDA:30,2,0,14
BRDA:36,3,0,13
BRDA:37,4,0,0
BRDA:41,5,0,1
BRDA:43,6,0,13
BRDA:46,7,0,2
BRDA:48,8,0,11
BRDA:61,9,0,8
BRDA:80,10,0,15
BRDA:87,11,0,1
BRDA:89,12,0,14
BRDA:95,13,0,11
BRDA:98,14,0,5
BRDA:100,15,0,7
BRDA:100,16,0,6
BRDA:107,17,0,10
BRDA:113,18,0,9
BRDA:115,19,0,1
BRDA:119,20,0,6
BRDA:87,21,0,15
BRF:22
BRH:21
end_of_record
TN:
SF:src\prompt-assembler.ts
FN:77,formatTranscription
FN:100,defaultPromptTemplate
FN:197,assemble
FN:210,defaultChatPromptTemplate
FN:231,stripHtml
FN:240,formatHistory
FN:258,assembleChat
FN:277,defaultMultiSignalChatPromptTemplate
FN:297,formatSignalBlock
FN:311,formatSignals
FN:323,assembleMultiSignalChat
FN:342,defaultAgentChatPromptTemplate
FN:364,formatSignalIndex
FN:377,assembleAgentChat
FNF:14
FNH:14
FNDA:94,formatTranscription
FNDA:34,defaultPromptTemplate
FNDA:35,assemble
FNDA:37,defaultChatPromptTemplate
FNDA:31,stripHtml
FNDA:75,formatHistory
FNDA:35,assembleChat
FNDA:28,defaultMultiSignalChatPromptTemplate
FNDA:25,formatSignalBlock
FNDA:23,formatSignals
FNDA:23,assembleMultiSignalChat
FNDA:20,defaultAgentChatPromptTemplate
FNDA:17,formatSignalIndex
FNDA:17,assembleAgentChat
DA:17,1
DA:18,1
DA:19,1
DA:55,1
DA:77,1
DA:78,94
DA:79,94
DA:80,94
DA:81,42
DA:82,34
DA:83,34
DA:84,8
DA:85,8
DA:86,94
DA:88,50
DA:89,52
DA:90,52
DA:100,1
DA:101,34
DA:191,34
DA:197,1
DA:198,35
DA:199,35
DA:201,35
DA:202,35
DA:203,35
DA:204,35
DA:210,1
DA:211,37
DA:226,37
DA:231,31
DA:232,31
DA:233,28
DA:234,28
DA:240,75
DA:241,75
DA:243,14
DA:244,31
DA:245,31
DA:246,31
DA:248,14
DA:250,14
DA:251,14
DA:258,1
DA:259,35
DA:260,35
DA:261,35
DA:263,35
DA:264,35
DA:265,35
DA:266,35
DA:267,35
DA:268,35
DA:269,35
DA:270,35
DA:277,1
DA:278,28
DA:291,28
DA:297,25
DA:298,25
DA:299,25
DA:301,25
DA:302,25
DA:303,25
DA:304,25
DA:306,25
DA:311,23
DA:312,23
DA:314,22
DA:315,22
DA:323,1
DA:324,23
DA:325,23
DA:326,23
DA:328,23
DA:329,23
DA:330,23
DA:331,23
DA:332,23
DA:333,23
DA:334,23
DA:342,1
DA:343,20
DA:359,20
DA:364,17
DA:365,17
DA:367,16
DA:368,18
DA:369,16
DA:370,16
DA:377,1
DA:378,17
DA:379,17
DA:380,17
DA:381,17
DA:382,17
DA:383,17
DA:384,17
DA:385,17
DA:387,17
DA:388,17
DA:389,17
DA:390,17
DA:391,17
LF:104
LH:104
BRDA:77,0,0,94
BRDA:80,1,0,42
BRDA:81,2,0,35
BRDA:81,3,0,34
BRDA:83,4,0,8
BRDA:86,5,0,52
BRDA:86,6,0,50
BRDA:82,7,0,41
BRDA:84,8,0,2
BRDA:100,9,0,34
BRDA:197,10,0,35
BRDA:198,11,0,33
BRDA:210,12,0,37
BRDA:231,13,0,31
BRDA:232,14,0,3
BRDA:232,15,0,28
BRDA:240,16,0,75
BRDA:241,17,0,71
BRDA:241,18,0,61
BRDA:241,19,0,14
BRDA:243,20,0,31
BRDA:258,21,0,35
BRDA:259,22,0,33
BRDA:260,23,0,33
BRDA:264,24,0,34
BRDA:277,25,0,28
BRDA:297,26,0,25
BRDA:298,27,0,23
BRDA:299,28,0,22
BRDA:311,29,0,23
BRDA:312,30,0,1
BRDA:312,31,0,22
BRDA:323,32,0,23
BRDA:324,33,0,22
BRDA:329,34,0,22
BRDA:342,35,0,20
BRDA:364,36,0,17
BRDA:365,37,0,1
BRDA:365,38,0,16
BRDA:367,39,0,18
BRDA:377,40,0,17
BRDA:383,41,0,14
BRF:42
BRH:42
end_of_record
TN:
SF:src\query.ts
FN:49,querySignals
FN:127,getEntityTrending
FNF:2
FNH:2
FNDA:67,querySignals
FNDA:2,getEntityTrending
DA:46,1
DA:47,1
DA:49,1
DA:50,67
DA:51,67
DA:53,67
DA:54,67
DA:56,67
DA:57,19
DA:58,19
DA:59,19
DA:61,67
DA:62,8
DA:63,8
DA:64,8
DA:66,67
DA:67,3
DA:68,3
DA:69,3
DA:71,67
DA:72,2
DA:73,2
DA:74,2
DA:76,67
DA:77,4
DA:78,4
DA:79,4
DA:81,67
DA:82,2
DA:83,2
DA:84,2
DA:86,67
DA:87,3
DA:88,3
DA:89,3
DA:92,67
DA:93,60
DA:94,60
DA:95,60
DA:97,67
DA:100,67
DA:101,67
DA:102,67
DA:106,67
DA:111,67
DA:115,67
DA:118,67
DA:119,227
DA:120,227
DA:121,227
DA:122,67
DA:124,67
DA:125,67
DA:127,1
DA:128,2
DA:138,2
DA:145,2
DA:146,6
DA:147,6
DA:148,6
DA:149,6
DA:150,2
DA:151,2
LF:63
LH:63
BRDA:49,0,0,67
BRDA:50,1,0,41
BRDA:51,2,0,38
BRDA:56,3,0,19
BRDA:61,4,0,8
BRDA:66,5,0,3
BRDA:71,6,0,2
BRDA:76,7,0,4
BRDA:81,8,0,2
BRDA:86,9,0,3
BRDA:92,10,0,60
BRDA:97,11,0,63
BRDA:97,12,0,4
BRDA:102,13,0,0
BRDA:118,14,0,227
BRDA:120,15,0,4
BRDA:120,16,0,223
BRDA:121,17,0,4
BRDA:121,18,0,223
BRDA:127,19,0,2
BRDA:145,20,0,6
BRF:21
BRH:20
end_of_record
TN:
SF:src\rss-discovery.ts
FN:19,parseRssFeed
FN:57,extractShortsVideoIds
FN:77,parseChannelInfo
FN:99,fetchUrl
FN:109,fetchRssSync
FN:123,resolveChannelId
FN:168,fetchPageHtml
FN:189,discoverCandidates
FN:241,fetchChannelInfo
FNF:9
FNH:8
FNDA:23,parseRssFeed
FNDA:5,extractShortsVideoIds
FNDA:5,parseChannelInfo
FNDA:8,fetchUrl
FNDA:8,fetchRssSync
FNDA:5,resolveChannelId
FNDA:0,fetchPageHtml
FNDA:22,discoverCandidates
FNDA:3,fetchChannelInfo
DA:1,1
DA:16,1
DA:17,1
DA:19,1
DA:20,23
DA:21,6
DA:22,6
DA:23,17
DA:24,17
DA:25,17
DA:27,18
DA:28,33
DA:31,33
DA:32,33
DA:33,4
DA:34,4
DA:36,29
DA:37,29
DA:38,29
DA:40,33
DA:41,29
DA:42,29
DA:43,29
DA:44,29
DA:45,29
DA:46,29
DA:47,29
DA:48,33
DA:50,17
DA:51,17
DA:57,1
DA:58,5
DA:59,5
DA:60,5
DA:62,5
DA:63,9
DA:65,9
DA:66,9
DA:67,4
DA:68,4
DA:69,4
DA:70,4
DA:71,4
DA:72,9
DA:74,5
DA:75,5
DA:77,1
DA:78,5
DA:79,5
DA:81,5
DA:84,2
DA:85,2
DA:86,5
DA:89,5
DA:90,2
DA:91,0
DA:93,5
DA:94,5
DA:95,5
DA:96,5
DA:97,5
DA:99,8
DA:100,8
DA:101,8
DA:102,5
DA:103,5
DA:104,5
DA:105,8
DA:106,8
DA:107,8
DA:109,8
DA:110,8
DA:111,8
DA:123,5
DA:124,5
DA:125,5
DA:126,5
DA:128,5
DA:129,5
DA:130,1
DA:131,1
DA:134,4
DA:135,5
DA:136,1
DA:137,1
DA:140,5
DA:143,5
DA:144,5
DA:145,1
DA:146,5
DA:147,2
DA:148,2
DA:149,0
DA:150,0
DA:152,3
DA:155,3
DA:156,5
DA:157,1
DA:158,1
DA:160,2
DA:161,5
DA:162,1
DA:163,1
DA:165,1
DA:166,1
DA:168,0
DA:169,0
DA:170,0
DA:189,22
DA:190,22
DA:191,22
DA:192,22
DA:193,22
DA:194,22
DA:196,22
DA:199,22
DA:200,22
DA:202,22
DA:203,22
DA:204,22
DA:207,22
DA:208,11
DA:209,10
DA:211,22
DA:212,21
DA:213,21
DA:214,17
DA:216,21
DA:217,24
DA:220,24
DA:221,3
DA:222,3
DA:223,3
DA:226,24
DA:227,6
DA:228,6
DA:229,6
DA:231,18
DA:232,18
DA:233,21
DA:234,6
DA:235,6
DA:236,21
DA:238,18
DA:239,18
DA:241,3
DA:242,3
DA:243,3
DA:244,3
DA:245,3
DA:246,3
DA:247,3
DA:248,2
DA:249,3
DA:250,1
DA:251,1
DA:252,3
LF:157
LH:151
BRDA:19,0,0,23
BRDA:20,1,0,6
BRDA:22,2,0,18
BRDA:22,3,0,17
BRDA:27,4,0,33
BRDA:32,5,0,4
BRDA:34,6,0,29
BRDA:40,7,0,29
BRDA:40,8,0,29
BRDA:48,9,0,17
BRDA:57,10,0,5
BRDA:62,11,0,9
BRDA:66,12,0,4
BRDA:77,13,0,5
BRDA:81,14,0,4
BRDA:81,15,0,3
BRDA:81,16,0,2
BRDA:86,17,0,0
BRDA:89,18,0,2
BRDA:90,19,0,0
BRDA:99,20,0,8
BRDA:100,21,0,8
BRDA:101,22,0,5
BRDA:103,23,0,10
BRDA:104,24,0,5
BRDA:109,25,0,8
BRDA:123,26,0,5
BRDA:129,27,0,1
BRDA:131,28,0,4
BRDA:135,29,0,1
BRDA:137,30,0,3
BRDA:140,31,0,0
BRDA:144,32,0,1
BRDA:146,33,0,2
BRDA:148,34,0,0
BRDA:150,35,0,3
BRDA:156,36,0,1
BRDA:158,37,0,2
BRDA:161,38,0,1
BRDA:189,39,0,22
BRDA:194,40,0,1
BRDA:194,41,0,21
BRDA:196,42,0,8
BRDA:207,43,0,11
BRDA:208,44,0,10
BRDA:211,45,0,21
BRDA:213,46,0,17
BRDA:216,47,0,13
BRDA:216,48,0,24
BRDA:220,49,0,3
BRDA:223,50,0,21
BRDA:226,51,0,6
BRDA:228,52,0,3
BRDA:229,53,0,18
BRDA:232,54,0,12
BRDA:233,55,0,6
BRDA:236,56,0,18
BRDA:200,57,0,3
BRDA:241,58,0,3
BRDA:246,59,0,0
BRDA:247,60,0,2
BRDA:249,61,0,1
BRF:62
BRH:57
end_of_record
TN:
SF:src\scheduler.ts
FN:23,recoverStaleRuns
FN:82,startScheduledPolling
FN:94,stopScheduledPolling
FNF:3
FNH:3
FNDA:10,recoverStaleRuns
FNDA:2,startScheduledPolling
FNDA:1,stopScheduledPolling
DA:1,1
DA:5,1
DA:6,1
DA:23,1
DA:24,10
DA:25,10
DA:26,10
DA:28,10
DA:29,2
DA:30,2
DA:32,8
DA:34,11
DA:39,11
DA:42,11
DA:45,11
DA:48,11
DA:51,11
DA:53,11
DA:55,4
DA:57,4
DA:59,4
DA:60,10
DA:62,7
DA:65,7
DA:67,7
DA:68,7
DA:69,8
DA:71,10
DA:72,11
DA:73,11
DA:75,8
DA:76,8
DA:82,1
DA:83,2
DA:84,2
DA:85,1
DA:86,1
DA:87,1
DA:88,2
DA:89,2
DA:94,1
DA:95,1
DA:96,1
DA:97,1
DA:98,1
DA:99,1
DA:100,1
LF:47
LH:47
BRDA:23,0,0,10
BRDA:28,1,0,2
BRDA:30,2,0,8
BRDA:71,3,0,11
BRDA:73,4,0,8
BRDA:32,5,0,11
BRDA:53,6,0,10
BRDA:53,7,0,4
BRDA:60,8,0,7
BRDA:82,9,0,2
BRDA:84,10,0,1
BRDA:94,11,0,1
BRF:12
BRH:12
end_of_record
TN:
SF:src\scope-source.ts
FN:46,fromURL
FN:64,buildHistoryURL
FN:88,buildAskBody
FNF:3
FNH:3
FNDA:11,fromURL
FNDA:4,buildHistoryURL
FNDA:3,buildAskBody
DA:40,1
DA:46,1
DA:47,11
DA:50,11
DA:51,11
DA:52,11
DA:54,11
DA:55,11
DA:56,11
DA:57,11
DA:58,11
DA:59,11
DA:64,1
DA:65,4
DA:67,4
DA:68,1
DA:69,4
DA:72,2
DA:73,2
DA:75,4
DA:76,1
DA:77,1
DA:79,4
DA:80,4
DA:81,4
DA:88,1
DA:89,3
DA:91,3
DA:93,1
DA:94,3
DA:96,2
DA:97,2
DA:99,3
DA:100,0
DA:101,0
DA:103,3
DA:104,0
DA:105,0
DA:107,3
DA:108,3
DA:109,1
LF:41
LH:37
BRDA:46,0,0,11
BRDA:55,1,0,6
BRDA:55,2,0,5
BRDA:56,3,0,9
BRDA:64,4,0,4
BRDA:67,5,0,1
BRDA:69,6,0,3
BRDA:69,7,0,2
BRDA:75,8,0,1
BRDA:80,9,0,3
BRDA:80,10,0,1
BRDA:88,11,0,3
BRDA:91,12,0,1
BRDA:94,13,0,2
BRDA:96,14,0,0
BRDA:99,15,0,0
BRDA:103,16,0,0
BRF:17
BRH:14
end_of_record
TN:
SF:src\signal-chat-scope.ts
FN:41,resolveScope
FN:151,resolveIndexScope
FNF:2
FNH:2
FNDA:16,resolveScope
FNDA:61,resolveIndexScope
DA:41,1
DA:43,16
DA:44,7
DA:51,7
DA:65,7
DA:66,1
DA:67,1
DA:69,6
DA:70,6
DA:71,6
DA:72,6
DA:73,7
DA:74,7
DA:75,7
DA:76,7
DA:77,7
DA:78,7
DA:79,7
DA:80,7
DA:81,7
DA:82,7
DA:83,7
DA:84,7
DA:87,9
DA:88,9
DA:91,16
DA:92,7
DA:93,7
DA:94,7
DA:97,16
DA:98,2
DA:99,2
DA:100,2
DA:103,16
DA:104,8
DA:105,8
DA:107,16
DA:109,16
DA:115,16
DA:117,16
DA:129,16
DA:130,15
DA:131,15
DA:132,15
DA:133,15
DA:134,15
DA:135,15
DA:136,15
DA:137,15
DA:138,15
DA:139,15
DA:140,15
DA:141,16
DA:142,16
DA:151,1
DA:153,61
DA:154,41
DA:158,41
DA:162,41
DA:163,1
DA:164,1
DA:166,40
DA:167,40
DA:168,40
DA:169,40
DA:170,41
DA:171,41
DA:172,41
DA:173,41
DA:176,20
DA:177,20
DA:179,24
DA:180,17
DA:181,17
DA:182,17
DA:184,61
DA:185,1
DA:186,1
DA:187,1
DA:189,24
DA:190,19
DA:191,19
DA:193,61
DA:195,61
DA:200,61
DA:202,61
DA:204,61
DA:205,34
DA:206,34
DA:207,34
DA:208,61
DA:209,61
LF:92
LH:92
BRDA:41,0,0,16
BRDA:43,1,0,7
BRDA:65,2,0,1
BRDA:67,3,0,6
BRDA:73,4,0,0
BRDA:74,5,0,0
BRDA:75,6,0,6
BRDA:80,7,0,4
BRDA:81,8,0,4
BRDA:84,9,0,9
BRDA:91,10,0,7
BRDA:94,11,0,9
BRDA:97,12,0,2
BRDA:100,13,0,9
BRDA:103,14,0,8
BRDA:105,15,0,9
BRDA:107,16,0,8
BRDA:107,17,0,1
BRDA:129,18,0,15
BRDA:132,19,0,0
BRDA:133,20,0,0
BRDA:139,21,0,10
BRDA:140,22,0,12
BRDA:151,23,0,61
BRDA:153,24,0,60
BRDA:153,25,0,41
BRDA:162,26,0,1
BRDA:164,27,0,40
BRDA:170,28,0,15
BRDA:173,29,0,24
BRDA:173,30,0,20
BRDA:179,31,0,17
BRDA:182,32,0,20
BRDA:184,33,0,49
BRDA:184,34,0,1
BRDA:187,35,0,24
BRDA:187,36,0,20
BRDA:189,37,0,19
BRDA:191,38,0,20
BRDA:193,39,0,19
BRDA:193,40,0,1
BRDA:204,41,0,34
BRDA:207,42,0,13
BRF:43
BRH:39
end_of_record
TN:
SF:src\signal-context.ts
FN:11,resolveSignalContext
FNF:1
FNH:1
FNDA:38,resolveSignalContext
DA:2,1
DA:11,1
DA:12,38
DA:18,38
DA:22,38
DA:23,1
DA:24,1
DA:27,37
DA:28,35
DA:29,32
DA:31,38
DA:32,38
DA:33,38
DA:34,38
DA:35,38
DA:36,38
DA:37,38
LF:17
LH:17
BRDA:11,0,0,38
BRDA:22,1,0,1
BRDA:24,2,0,37
BRDA:27,3,0,35
BRDA:28,4,0,32
BRDA:33,5,0,28
BRDA:34,6,0,28
BRF:7
BRH:7
end_of_record
TN:
SF:src\signal-detail.ts
FN:5,displayTitleForSignal
FN:9,getSignalById
FN:18,escapeHtml
FN:33,formatTime
FN:40,formatTranscriptionHtml
FNF:5
FNH:5
FNDA:7,displayTitleForSignal
FNDA:11,getSignalById
FNDA:13,escapeHtml
FNDA:11,formatTime
FNDA:14,formatTranscriptionHtml
DA:5,1
DA:6,7
DA:7,7
DA:9,1
DA:10,11
DA:11,11
DA:12,11
DA:13,11
DA:14,11
DA:16,1
DA:18,1
DA:19,13
DA:20,13
DA:21,13
DA:22,13
DA:23,13
DA:24,13
DA:25,13
DA:26,13
DA:27,13
DA:33,11
DA:34,11
DA:35,11
DA:36,11
DA:37,11
DA:38,11
DA:40,1
DA:41,14
DA:43,12
DA:44,12
DA:45,12
DA:46,14
DA:47,0
DA:48,0
DA:50,12
DA:52,7
DA:53,7
DA:54,11
DA:55,11
DA:56,11
DA:57,7
DA:58,7
DA:59,7
LF:43
LH:41
BRDA:5,0,0,7
BRDA:6,1,0,6
BRDA:6,2,0,1
BRDA:9,3,0,11
BRDA:13,4,0,3
BRDA:18,5,0,13
BRDA:26,6,0,10
BRDA:33,7,0,11
BRDA:40,8,0,14
BRDA:41,9,0,2
BRDA:41,10,0,12
BRDA:46,11,0,0
BRDA:48,12,0,12
BRDA:50,13,0,5
BRDA:50,14,0,7
BRDA:53,15,0,11
BRF:16
BRH:15
end_of_record
TN:
SF:src\signal-state.ts
FN:13,isPending
FN:18,isIrrelevant
FN:23,isSummarized
FN:28,markIrrelevant
FN:34,markSummarized
FN:40,deletePendingForRun
FN:57,countProcessedForRun
FN:66,pendingSignalsForChannel
FNF:8
FNH:8
FNDA:3,isPending
FNDA:3,isIrrelevant
FNDA:3,isSummarized
FNDA:7,markIrrelevant
FNDA:23,markSummarized
FNDA:9,deletePendingForRun
FNDA:9,countProcessedForRun
FNDA:8,pendingSignalsForChannel
DA:8,1
DA:9,1
DA:10,1
DA:13,1
DA:14,3
DA:15,3
DA:18,1
DA:19,3
DA:20,3
DA:23,1
DA:24,3
DA:25,3
DA:28,1
DA:29,7
DA:30,7
DA:31,7
DA:34,1
DA:35,23
DA:36,23
DA:37,23
DA:40,1
DA:42,9
DA:47,9
DA:50,9
DA:53,9
DA:54,9
DA:57,1
DA:58,9
DA:61,9
DA:62,9
DA:63,9
DA:66,1
DA:67,8
DA:68,8
DA:69,8
DA:70,8
DA:71,8
DA:72,8
DA:73,8
DA:74,8
LF:40
LH:40
BRDA:13,0,0,3
BRDA:18,1,0,3
BRDA:23,2,0,3
BRDA:28,3,0,7
BRDA:34,4,0,23
BRDA:40,5,0,9
BRDA:57,6,0,9
BRDA:66,7,0,8
BRF:8
BRH:8
end_of_record
TN:
SF:src\transcription-merge.ts
FN:36,mergeOverlappingSegments
FN:86,trimLeadingWordOverlap
FN:129,groupSegments
FNF:3
FNH:3
FNDA:17,mergeOverlappingSegments
FNDA:14,trimLeadingWordOverlap
FNDA:15,groupSegments
DA:36,1
DA:37,17
DA:38,17
DA:41,13
DA:43,17
DA:44,26
DA:45,26
DA:50,26
DA:51,26
DA:53,26
DA:55,12
DA:56,12
DA:57,12
DA:58,24
DA:60,14
DA:61,14
DA:62,26
DA:67,15
DA:68,14
DA:69,14
DA:70,14
DA:71,14
DA:72,9
DA:73,9
DA:74,14
DA:77,13
DA:78,13
DA:86,14
DA:87,14
DA:88,14
DA:89,14
DA:91,14
DA:95,14
DA:96,14
DA:98,14
DA:100,47
DA:102,47
DA:104,47
DA:105,47
DA:106,48
DA:107,38
DA:108,38
DA:109,38
DA:110,48
DA:111,47
DA:112,9
DA:113,9
DA:114,9
DA:115,47
DA:117,14
DA:120,9
DA:121,9
DA:122,9
DA:129,1
DA:130,15
DA:132,14
DA:133,14
DA:134,14
DA:136,15
DA:137,21
DA:138,16
DA:139,16
DA:140,21
DA:141,5
DA:142,5
DA:143,21
DA:145,14
DA:146,14
LF:68
LH:68
BRDA:36,0,0,17
BRDA:37,1,0,1
BRDA:37,2,0,16
BRDA:38,3,0,15
BRDA:38,4,0,3
BRDA:38,5,0,13
BRDA:43,6,0,26
BRDA:53,7,0,24
BRDA:53,8,0,24
BRDA:53,9,0,12
BRDA:58,10,0,14
BRDA:62,11,0,15
BRDA:62,12,0,13
BRDA:67,13,0,14
BRDA:71,14,0,9
BRDA:74,15,0,13
BRDA:77,16,0,27
BRDA:86,17,0,14
BRDA:91,18,0,0
BRDA:98,19,0,47
BRDA:105,20,0,48
BRDA:106,21,0,38
BRDA:111,22,0,9
BRDA:117,23,0,13
BRDA:117,24,0,5
BRDA:117,25,0,9
BRDA:89,26,0,74
BRDA:129,27,0,15
BRDA:130,28,0,1
BRDA:130,29,0,14
BRDA:136,30,0,21
BRDA:137,31,0,7
BRDA:137,32,0,16
BRDA:140,33,0,5
BRDA:143,34,0,14
BRDA:145,35,0,16
BRF:36
BRH:35
end_of_record
TN:
SF:src\transcription.ts
FN:34,decodeVttEntities
FN:48,parseVtt
FN:95,parseVttTimestamp
FN:109,extractCaptions
FNF:4
FNH:4
FNDA:8,decodeVttEntities
FNDA:4,parseVtt
FNDA:16,parseVttTimestamp
FNDA:6,extractCaptions
DA:1,1
DA:2,1
DA:3,1
DA:4,1
DA:6,1
DA:9,1
DA:34,8
DA:35,8
DA:36,8
DA:37,8
DA:38,8
DA:39,8
DA:40,8
DA:41,8
DA:42,8
DA:48,4
DA:49,4
DA:50,4
DA:52,4
DA:55,4
DA:56,4
DA:57,4
DA:59,4
DA:61,20
DA:63,20
DA:64,8
DA:65,8
DA:68,8
DA:69,8
DA:70,8
DA:71,8
DA:72,8
DA:73,8
DA:75,8
DA:77,8
DA:79,8
DA:80,8
DA:81,8
DA:82,8
DA:83,8
DA:84,20
DA:85,12
DA:86,12
DA:87,20
DA:89,4
DA:90,4
DA:95,16
DA:97,16
DA:98,16
DA:100,16
DA:102,16
DA:103,16
DA:104,16
DA:106,16
DA:107,16
DA:109,6
DA:110,6
DA:111,6
DA:112,6
DA:113,6
DA:116,6
DA:117,6
DA:122,6
DA:123,6
DA:124,6
DA:125,6
DA:126,6
DA:127,6
DA:128,6
DA:129,6
DA:130,6
DA:131,6
DA:134,6
DA:135,6
DA:137,6
DA:138,6
DA:140,6
DA:142,6
DA:144,6
DA:146,6
DA:148,6
DA:149,6
DA:150,1
DA:151,1
DA:152,1
DA:157,5
DA:158,5
DA:159,5
DA:161,6
DA:162,1
DA:163,1
DA:164,1
DA:166,4
DA:167,4
DA:168,4
DA:169,4
DA:170,6
DA:171,0
DA:172,0
DA:173,0
DA:175,4
DA:176,4
DA:179,4
DA:180,4
DA:181,6
DA:183,0
DA:185,4
DA:186,6
DA:188,6
DA:189,1
DA:190,6
DA:191,6
DA:192,6
LF:113
LH:109
BRDA:34,0,0,8
BRDA:48,1,0,4
BRDA:59,2,0,20
BRDA:63,3,0,8
BRDA:70,4,0,16
BRDA:84,5,0,12
BRDA:95,6,0,16
BRDA:100,7,0,0
BRDA:109,8,0,6
BRDA:135,9,0,0
BRDA:137,10,0,6
BRDA:148,11,0,6
BRDA:149,12,0,1
BRDA:152,13,0,5
BRDA:161,14,0,1
BRDA:164,15,0,4
BRDA:170,16,0,0
BRDA:173,17,0,4
BRDA:181,18,0,0
BRDA:183,19,0,4
BRDA:159,20,0,4
BRDA:188,21,0,1
BRF:22
BRH:18
end_of_record
TN:
SF:src\db\app-settings.ts
FN:3,getAppSetting
FN:11,setAppSetting
FN:18,deleteAppSetting
FNF:3
FNH:3
FNDA:55,getAppSetting
FNDA:8,setAppSetting
FNDA:4,deleteAppSetting
DA:3,1
DA:4,55
DA:8,55
DA:9,55
DA:11,1
DA:12,8
DA:13,8
DA:15,8
DA:16,8
DA:18,1
DA:19,4
DA:20,4
LF:12
LH:12
BRDA:3,0,0,55
BRDA:8,1,0,6
BRDA:8,2,0,47
BRDA:11,3,0,8
BRDA:18,4,0,4
BRF:5
BRH:5
end_of_record
TN:
SF:src\db\init-db.ts
FN:3,initDb
FNF:1
FNH:1
FNDA:360,initDb
DA:3,1
DA:4,360
DA:5,360
DA:7,360
DA:67,360
DA:70,360
DA:71,360
DA:72,360
DA:73,0
DA:74,0
DA:77,360
DA:78,360
DA:79,360
DA:80,0
DA:81,0
DA:84,360
DA:85,0
DA:86,0
DA:89,360
DA:90,360
DA:91,360
DA:92,0
DA:93,0
DA:96,360
DA:98,1
DA:101,1
DA:104,1
DA:105,1
DA:108,360
DA:109,1
DA:110,1
DA:111,360
DA:112,1
DA:113,1
DA:116,360
DA:117,0
DA:118,0
DA:121,360
DA:122,0
DA:123,0
DA:126,360
DA:127,0
DA:128,0
DA:131,360
DA:132,0
DA:133,0
DA:136,360
DA:137,359
DA:138,359
DA:141,360
DA:142,360
DA:143,360
DA:144,359
DA:145,359
DA:149,360
DA:150,360
DA:151,360
DA:152,1
DA:153,1
DA:154,360
DA:155,359
DA:156,359
DA:159,360
DA:164,360
DA:167,360
DA:168,359
DA:169,359
DA:172,360
DA:180,360
DA:185,360
DA:186,360
DA:187,360
DA:189,0
DA:190,0
DA:198,0
DA:199,0
DA:202,0
DA:203,0
DA:204,0
DA:208,360
DA:209,360
DA:210,360
DA:212,359
DA:213,359
DA:221,359
DA:222,359
DA:225,359
DA:226,359
DA:227,359
DA:231,360
DA:232,360
DA:234,360
DA:235,359
DA:236,359
DA:237,360
DA:238,359
DA:239,359
DA:240,360
DA:241,359
DA:242,359
DA:245,360
DA:246,359
DA:247,359
DA:250,360
DA:251,359
DA:252,359
DA:253,360
LF:107
LH:84
BRDA:3,0,0,360
BRDA:72,1,0,0
BRDA:79,2,0,0
BRDA:84,3,0,0
BRDA:91,4,0,0
BRDA:96,5,0,1
BRDA:108,6,0,1
BRDA:111,7,0,1
BRDA:116,8,0,0
BRDA:121,9,0,0
BRDA:126,10,0,0
BRDA:131,11,0,0
BRDA:136,12,0,359
BRDA:143,13,0,359
BRDA:151,14,0,1
BRDA:154,15,0,359
BRDA:167,16,0,359
BRDA:187,17,0,0
BRDA:210,18,0,359
BRDA:234,19,0,359
BRDA:237,20,0,359
BRDA:240,21,0,359
BRDA:245,22,0,359
BRDA:250,23,0,359
BRDA:71,24,0,2160
BRDA:78,25,0,3241
BRDA:90,26,0,3963
BRDA:142,27,0,2161
BRDA:150,28,0,1800
BRDA:186,29,0,1440
BRDA:209,30,0,720
BRDA:232,31,0,1804
BRF:32
BRH:23
end_of_record
TN:
SF:src\db\poll-runs.ts
FN:4,preRegisterChannelProgress
FN:49,queryPollRuns
FN:68,getPollRunById
FN:79,queryPollRunProgress
FNF:4
FNH:4
FNDA:44,preRegisterChannelProgress
FNDA:9,queryPollRuns
FNDA:87,getPollRunById
FNDA:87,queryPollRunProgress
DA:4,1
DA:5,44
DA:6,44
DA:7,44
DA:9,44
DA:10,44
DA:11,44
DA:12,44
DA:14,44
DA:15,44
DA:16,30
DA:17,30
DA:18,44
DA:20,44
DA:21,44
DA:49,1
DA:50,9
DA:51,9
DA:53,9
DA:55,9
DA:56,9
DA:63,9
DA:65,9
DA:66,9
DA:68,1
DA:69,87
DA:70,87
DA:75,87
DA:76,87
DA:77,87
DA:79,1
DA:80,87
DA:81,87
DA:86,87
DA:96,87
DA:97,80
DA:98,80
DA:99,80
DA:100,80
DA:101,80
DA:102,80
DA:103,87
DA:104,87
LF:43
LH:43
BRDA:4,0,0,44
BRDA:14,1,0,44
BRDA:15,2,0,30
BRDA:49,3,0,9
BRDA:50,4,0,0
BRDA:51,5,0,0
BRDA:68,6,0,87
BRDA:76,7,0,82
BRDA:76,8,0,5
BRDA:79,9,0,87
BRDA:96,10,0,80
BRF:11
BRH:9
end_of_record
TN:
SF:src\db\watchlist.ts
FN:57,getChannelsWithTopics
FN:61,listActiveChannels
FN:67,getAdminData
FN:93,addChannel
FN:105,updateChannelTopic
FN:109,removeChannel
FN:124,toggleChannelActive
FN:128,updateChannelInfo
FN:132,listChannels
FN:138,getChannelLastPollDate
FN:147,createTopic
FN:153,listTopics
FN:159,getTopicById
FN:164,getTopicByKey
FN:169,updateTopic
FN:200,deleteTopic
FNF:16
FNH:14
FNDA:31,getChannelsWithTopics
FNDA:36,listActiveChannels
FNDA:2,getAdminData
FNDA:197,addChannel
FNDA:5,updateChannelTopic
FNDA:4,removeChannel
FNDA:7,toggleChannelActive
FNDA:0,updateChannelInfo
FNDA:38,listChannels
FNDA:12,getChannelLastPollDate
FNDA:123,createTopic
FNDA:82,listTopics
FNDA:17,getTopicById
FNDA:0,getTopicByKey
FNDA:11,updateTopic
FNDA:6,deleteTopic
DA:50,1
DA:57,1
DA:58,31
DA:59,31
DA:61,1
DA:62,36
DA:63,36
DA:64,36
DA:65,36
DA:67,1
DA:68,2
DA:77,2
DA:79,2
DA:86,2
DA:88,2
DA:89,2
DA:93,1
DA:94,197
DA:95,197
DA:96,197
DA:97,197
DA:98,197
DA:99,197
DA:100,197
DA:101,197
DA:102,197
DA:103,197
DA:105,1
DA:106,5
DA:107,5
DA:109,1
DA:110,4
DA:112,4
DA:113,4
DA:114,4
DA:115,4
DA:116,1
DA:117,1
DA:118,1
DA:119,4
DA:120,4
DA:121,4
DA:122,4
DA:124,1
DA:125,7
DA:126,7
DA:128,1
DA:129,0
DA:130,0
DA:132,1
DA:133,38
DA:134,38
DA:135,38
DA:136,38
DA:138,1
DA:139,12
DA:140,12
DA:141,12
DA:142,12
DA:143,12
DA:147,1
DA:148,123
DA:149,123
DA:150,123
DA:151,123
DA:153,1
DA:154,82
DA:155,82
DA:156,82
DA:157,82
DA:159,1
DA:160,17
DA:161,17
DA:162,17
DA:164,1
DA:165,0
DA:166,0
DA:167,0
DA:169,1
DA:170,11
DA:171,11
DA:173,11
DA:174,2
DA:175,2
DA:176,2
DA:177,11
DA:178,6
DA:179,6
DA:180,6
DA:181,11
DA:182,2
DA:183,2
DA:184,2
DA:185,11
DA:186,4
DA:187,4
DA:188,4
DA:189,11
DA:190,0
DA:191,0
DA:192,0
DA:194,11
DA:196,10
DA:197,10
DA:198,10
DA:200,1
DA:202,6
DA:203,6
DA:204,6
LF:109
LH:101
BRDA:57,0,0,31
BRDA:61,1,0,36
BRDA:67,2,0,2
BRDA:93,3,0,197
BRDA:102,4,0,11
BRDA:102,5,0,196
BRDA:102,6,0,101
BRDA:105,7,0,5
BRDA:109,8,0,4
BRDA:110,9,0,4
BRDA:115,10,0,1
BRDA:124,11,0,7
BRDA:125,12,0,2
BRDA:125,13,0,5
BRDA:132,14,0,38
BRDA:138,15,0,12
BRDA:142,16,0,11
BRDA:147,17,0,123
BRDA:150,18,0,119
BRDA:153,19,0,82
BRDA:159,20,0,17
BRDA:161,21,0,4
BRDA:169,22,0,11
BRDA:173,23,0,2
BRDA:177,24,0,6
BRDA:181,25,0,2
BRDA:185,26,0,4
BRDA:187,27,0,2
BRDA:189,28,0,0
BRDA:194,29,0,1
BRDA:194,30,0,10
BRDA:200,31,0,6
BRF:32
BRH:31
end_of_record
TN:
SF:src\routes\admin-channels-router.ts
FN:5,createAdminChannelsRouter
FNF:1
FNH:1
FNDA:4,createAdminChannelsRouter
DA:1,1
DA:3,1
DA:5,1
DA:6,4
DA:9,4
DA:10,4
DA:11,4
DA:12,1
DA:13,1
DA:14,1
DA:16,4
DA:17,4
DA:18,3
DA:19,4
DA:22,4
DA:23,3
DA:24,3
DA:25,1
DA:26,1
DA:27,1
DA:28,2
DA:29,2
DA:30,4
DA:33,4
DA:34,3
DA:35,3
DA:36,3
DA:37,1
DA:38,1
DA:39,1
DA:40,2
DA:41,2
DA:42,4
DA:45,4
DA:46,3
DA:47,3
DA:48,1
DA:49,1
DA:50,1
DA:51,3
DA:52,3
DA:53,3
DA:54,4
DA:56,4
DA:57,4
LF:45
LH:45
BRDA:5,0,0,4
BRDA:9,1,0,4
BRDA:11,2,0,1
BRDA:14,3,0,3
BRDA:16,4,0,1
BRDA:16,5,0,2
BRDA:17,6,0,3
BRDA:22,7,0,3
BRDA:24,8,0,1
BRDA:27,9,0,2
BRDA:33,10,0,3
BRDA:36,11,0,1
BRDA:39,12,0,2
BRDA:45,13,0,3
BRDA:47,14,0,1
BRDA:50,15,0,2
BRDA:51,16,0,1
BRDA:51,17,0,1
BRF:18
BRH:18
end_of_record
TN:
SF:src\routes\admin-polling-router.ts
FN:4,createAdminPollingRouter
FNF:1
FNH:1
FNDA:3,createAdminPollingRouter
DA:1,1
DA:4,1
DA:5,3
DA:8,3
DA:9,5
DA:10,5
DA:13,5
DA:16,5
DA:17,5
DA:18,5
DA:19,5
DA:20,5
DA:21,5
DA:22,5
DA:23,0
DA:24,0
DA:25,3
DA:28,3
DA:29,2
DA:31,2
DA:32,2
DA:33,1
DA:35,1
DA:36,1
DA:37,1
DA:38,1
DA:39,1
DA:40,1
DA:41,1
DA:42,1
DA:43,1
DA:44,1
DA:45,1
DA:46,1
DA:48,0
DA:49,0
DA:50,0
DA:51,0
DA:52,0
DA:53,0
DA:54,0
DA:57,1
DA:58,1
DA:59,1
DA:60,1
DA:61,1
DA:62,1
DA:63,2
DA:64,0
DA:65,0
DA:66,3
DA:69,3
DA:71,7
DA:72,7
DA:73,1
DA:74,1
DA:75,1
DA:78,6
DA:79,7
DA:80,0
DA:81,0
DA:82,0
DA:85,6
DA:87,6
DA:88,6
DA:89,6
DA:90,6
DA:91,6
DA:92,3
DA:94,3
DA:95,3
LF:71
LH:57
BRDA:4,0,0,3
BRDA:8,1,0,5
BRDA:10,2,0,1
BRDA:10,3,0,4
BRDA:22,4,0,0
BRDA:28,5,0,2
BRDA:32,6,0,1
BRDA:46,7,0,0
BRDA:63,8,0,0
BRDA:69,9,0,7
BRDA:72,10,0,1
BRDA:75,11,0,6
BRDA:79,12,0,0
BRDA:82,13,0,6
BRF:14
BRH:10
end_of_record
TN:
SF:src\routes\admin-router.ts
FN:8,createAdminRouter
FNF:1
FNH:1
FNDA:3,createAdminRouter
DA:1,1
DA:3,1
DA:8,1
DA:9,3
DA:10,3
DA:11,3
DA:12,3
DA:13,3
DA:14,3
DA:17,3
DA:18,3
DA:19,3
DA:22,3
DA:23,3
DA:24,3
DA:25,1
DA:26,1
DA:28,3
DA:30,3
DA:32,3
DA:33,3
DA:34,3
DA:35,3
DA:36,3
DA:37,3
DA:38,3
DA:39,3
DA:40,3
DA:41,3
DA:43,3
DA:44,3
LF:31
LH:31
BRDA:8,0,0,3
BRDA:17,1,0,3
BRDA:24,2,0,1
BRDA:24,3,0,1
BRF:4
BRH:4
end_of_record
TN:
SF:src\routes\admin-settings-router.ts
FN:5,createAdminSettingsRouter
FNF:1
FNH:1
FNDA:3,createAdminSettingsRouter
DA:1,1
DA:3,1
DA:5,1
DA:6,3
DA:9,3
DA:10,3
DA:12,3
DA:13,1
DA:14,3
DA:15,2
DA:16,2
DA:19,3
DA:20,3
DA:22,3
DA:23,3
LF:15
LH:15
BRDA:5,0,0,3
BRDA:9,1,0,3
BRDA:12,2,0,1
BRDA:14,3,0,2
BRF:4
BRH:4
end_of_record
TN:
SF:src\routes\admin-topics-router.ts
FN:6,createAdminTopicsRouter
FNF:1
FNH:1
FNDA:3,createAdminTopicsRouter
DA:1,1
DA:4,1
DA:6,1
DA:7,3
DA:10,3
DA:11,7
DA:12,7
DA:13,7
DA:14,7
DA:15,7
DA:17,7
DA:18,1
DA:19,1
DA:20,1
DA:22,6
DA:23,7
DA:25,7
DA:26,0
DA:27,0
DA:28,0
DA:29,0
DA:30,0
DA:31,7
DA:32,1
DA:33,1
DA:34,1
DA:35,1
DA:36,1
DA:37,0
DA:38,0
DA:40,5
DA:41,3
DA:44,3
DA:45,6
DA:46,6
DA:47,1
DA:48,1
DA:49,1
DA:51,5
DA:52,6
DA:53,6
DA:54,6
DA:55,6
DA:57,6
DA:59,5
DA:62,6
DA:63,4
DA:64,4
DA:65,4
DA:66,4
DA:67,4
DA:69,1
DA:70,3
DA:73,3
DA:74,4
DA:75,4
DA:76,1
DA:77,1
DA:78,1
DA:80,3
DA:81,3
DA:82,3
DA:84,3
DA:85,3
LF:64
LH:57
BRDA:6,0,0,3
BRDA:10,1,0,7
BRDA:17,2,0,1
BRDA:20,3,0,6
BRDA:23,4,0,0
BRDA:23,5,0,4
BRDA:23,6,0,5
BRDA:25,7,0,0
BRDA:31,8,0,1
BRDA:32,9,0,0
BRDA:33,10,0,0
BRDA:36,11,0,0
BRDA:38,12,0,5
BRDA:44,13,0,6
BRDA:46,14,0,1
BRDA:49,15,0,5
BRDA:52,16,0,1
BRDA:52,17,0,5
BRDA:53,18,0,3
BRDA:53,19,0,5
BRDA:54,20,0,1
BRDA:54,21,0,5
BRDA:55,22,0,2
BRDA:55,23,0,1
BRDA:55,24,0,5
BRDA:57,25,0,0
BRDA:57,26,0,5
BRDA:62,27,0,4
BRDA:67,28,0,1
BRDA:73,29,0,4
BRDA:75,30,0,1
BRDA:78,31,0,3
BRF:32
BRH:26
end_of_record
TN:
SF:src\routes\chat-router.ts
FN:7,formatAnswer
FN:15,createChatRouter
FNF:2
FNH:2
FNDA:24,formatAnswer
FNDA:11,createChatRouter
DA:1,1
DA:4,1
DA:7,24
DA:8,24
DA:10,10
DA:12,3
DA:13,3
DA:15,1
DA:16,11
DA:23,11
DA:24,26
DA:32,26
DA:33,26
DA:34,1
DA:35,1
DA:36,1
DA:41,25
DA:42,26
DA:43,26
DA:44,5
DA:45,5
DA:46,5
DA:49,20
DA:51,26
DA:55,4
DA:56,4
DA:57,4
DA:58,4
DA:59,4
DA:60,4
DA:62,4
DA:63,0
DA:64,0
DA:65,0
DA:66,0
DA:67,0
DA:68,0
DA:69,0
DA:70,0
DA:73,4
DA:74,4
DA:75,4
DA:76,4
DA:77,0
DA:78,0
DA:79,4
DA:80,4
DA:83,16
DA:84,26
DA:85,3
DA:86,3
DA:87,3
DA:90,24
DA:91,8
DA:92,8
DA:93,8
DA:94,8
DA:95,1
DA:96,1
DA:97,1
DA:98,1
DA:99,0
DA:100,0
DA:101,1
DA:102,8
DA:103,8
DA:106,5
DA:107,5
DA:109,5
DA:110,5
DA:112,5
DA:113,5
DA:114,4
DA:115,4
DA:116,16
DA:117,0
DA:118,0
DA:119,26
DA:120,1
DA:121,1
DA:122,1
DA:123,1
DA:124,1
DA:125,0
DA:126,0
DA:127,0
DA:129,4
DA:130,4
DA:132,4
DA:133,4
DA:134,4
DA:136,4
DA:137,4
DA:138,12
DA:139,12
DA:140,4
DA:142,4
DA:143,16
DA:144,0
DA:145,0
DA:146,0
DA:147,0
DA:148,0
DA:149,0
DA:150,0
DA:151,0
DA:152,0
DA:153,0
DA:154,0
DA:155,11
DA:159,11
DA:160,13
DA:161,13
DA:162,0
DA:163,0
DA:164,0
DA:166,13
DA:167,0
DA:168,0
DA:169,0
DA:171,13
DA:172,13
DA:173,0
DA:174,0
DA:175,0
DA:178,13
DA:179,8
DA:180,8
DA:181,8
DA:182,8
DA:183,8
DA:184,8
DA:185,8
DA:186,8
DA:187,8
DA:188,13
DA:191,5
DA:193,5
DA:194,5
DA:195,5
DA:196,11
DA:202,11
DA:203,13
DA:204,13
DA:205,13
DA:207,13
DA:209,13
DA:211,8
DA:212,8
DA:215,5
DA:216,5
DA:217,5
DA:218,5
DA:219,5
DA:220,5
DA:223,13
DA:224,13
DA:225,3
DA:226,4
DA:227,4
DA:228,4
DA:229,3
DA:232,13
DA:233,16
DA:234,16
DA:235,13
DA:237,13
DA:238,13
DA:239,13
DA:240,13
DA:241,13
DA:242,11
DA:245,11
DA:246,1
DA:247,1
DA:248,0
DA:249,0
DA:250,0
DA:252,1
DA:253,0
DA:254,1
DA:255,1
DA:256,1
DA:257,1
DA:258,11
DA:260,11
DA:261,11
LF:187
LH:146
BRDA:7,0,0,24
BRDA:8,1,0,18
BRDA:8,2,0,17
BRDA:8,3,0,10
BRDA:8,4,0,7
BRDA:10,5,0,4
BRDA:10,6,0,3
BRDA:15,7,0,11
BRDA:23,8,0,26
BRDA:33,9,0,1
BRDA:36,10,0,25
BRDA:42,11,0,7
BRDA:42,12,0,18
BRDA:43,13,0,18
BRDA:43,14,0,5
BRDA:46,15,0,20
BRDA:51,16,0,4
BRDA:56,17,0,3
BRDA:56,18,0,1
BRDA:62,19,0,0
BRDA:76,20,0,0
BRDA:80,21,0,16
BRDA:84,22,0,3
BRDA:87,23,0,24
BRDA:87,24,0,13
BRDA:90,25,0,8
BRDA:94,26,0,1
BRDA:98,27,0,0
BRDA:103,28,0,16
BRDA:103,29,0,7
BRDA:103,30,0,5
BRDA:113,31,0,4
BRDA:116,32,0,0
BRDA:119,33,0,16
BRDA:119,34,0,1
BRDA:124,35,0,0
BRDA:127,36,0,4
BRDA:137,37,0,12
BRDA:143,38,0,0
BRDA:107,39,0,4
BRDA:159,40,0,13
BRDA:161,41,0,0
BRDA:166,42,0,0
BRDA:172,43,0,0
BRDA:178,44,0,8
BRDA:188,45,0,5
BRDA:193,46,0,24
BRDA:193,47,0,9
BRDA:202,48,0,13
BRDA:209,49,0,8
BRDA:212,50,0,5
BRDA:212,51,0,0
BRDA:216,52,0,0
BRDA:224,53,0,3
BRDA:225,54,0,4
BRDA:232,55,0,16
BRDA:245,56,0,1
BRDA:247,57,0,0
BRDA:252,58,0,0
BRF:59
BRH:46
end_of_record
TN:
SF:src\routes\polls-router.ts
FN:5,createPollsRouter
FNF:1
FNH:1
FNDA:3,createPollsRouter
DA:1,1
DA:3,1
DA:5,1
DA:6,3
DA:9,3
DA:10,19
DA:11,19
DA:12,3
DA:15,3
DA:16,4
DA:17,4
DA:19,4
DA:20,4
DA:22,4
DA:23,4
DA:24,4
DA:25,4
DA:26,4
DA:27,4
DA:28,4
DA:29,4
DA:30,3
DA:33,3
DA:34,9
DA:35,9
DA:36,9
DA:37,1
DA:38,1
DA:39,1
DA:41,8
DA:42,8
DA:43,8
DA:44,8
DA:45,8
DA:46,8
DA:47,8
DA:48,3
DA:51,3
DA:52,6
DA:53,6
DA:55,6
DA:57,6
DA:58,6
DA:59,6
DA:60,6
DA:61,6
DA:62,3
DA:64,3
DA:65,3
LF:49
LH:49
BRDA:5,0,0,3
BRDA:9,1,0,19
BRDA:15,2,0,4
BRDA:33,3,0,9
BRDA:36,4,0,1
BRDA:39,5,0,8
BRDA:51,6,0,6
BRF:7
BRH:7
end_of_record
TN:
SF:src\routes\signals-router.ts
FN:10,createSignalsRouter
FNF:1
FNH:1
FNDA:2,createSignalsRouter
DA:1,1
DA:2,1
DA:4,1
DA:10,1
DA:11,2
DA:14,2
DA:15,23
DA:16,23
DA:17,23
DA:18,23
DA:19,23
DA:20,23
DA:21,23
DA:23,23
DA:24,23
DA:25,23
DA:26,23
DA:29,23
DA:30,23
DA:31,50
DA:32,50
DA:34,23
DA:35,6
DA:36,6
DA:37,6
DA:38,6
DA:39,6
DA:40,6
DA:41,6
DA:42,6
DA:43,6
DA:44,6
DA:45,23
DA:46,17
DA:47,17
DA:48,17
DA:49,17
DA:50,17
DA:51,17
DA:52,17
DA:53,17
DA:54,17
DA:55,17
DA:56,17
DA:57,17
DA:58,17
DA:59,17
DA:60,17
DA:61,2
DA:64,2
DA:65,5
DA:66,5
DA:67,1
DA:68,1
DA:69,1
DA:71,4
DA:72,4
DA:73,4
DA:74,4
DA:75,4
DA:76,4
DA:77,4
DA:78,4
DA:79,4
DA:80,4
DA:81,2
DA:84,2
DA:85,2
DA:86,2
DA:87,2
DA:88,1
DA:89,1
DA:90,1
DA:91,1
DA:92,2
DA:94,2
DA:95,2
LF:77
LH:77
BRDA:10,0,0,2
BRDA:14,1,0,23
BRDA:30,2,0,50
BRDA:31,3,0,0
BRDA:34,4,0,6
BRDA:45,5,0,17
BRDA:64,6,0,5
BRDA:66,7,0,1
BRDA:69,8,0,4
BRDA:84,9,0,2
BRDA:87,10,0,1
BRDA:88,11,0,0
BRF:12
BRH:10
end_of_record
TN:
SF:src\services\channel-manager.ts
FN:16,ChannelManager
FN:16,<instance_members_initializer>
FN:18,addChannelWithInfo
FN:43,removeChannel
FN:47,toggleActive
FN:51,updateTopic
FN:55,listAll
FNF:7
FNH:7
FNDA:8,ChannelManager
FNDA:8,<instance_members_initializer>
FNDA:13,addChannelWithInfo
FNDA:3,removeChannel
FNDA:5,toggleActive
FNDA:4,updateTopic
FNDA:4,listAll
DA:2,1
DA:3,1
DA:15,1
DA:16,1
DA:18,1
DA:20,13
DA:21,13
DA:22,13
DA:23,13
DA:24,1
DA:25,1
DA:28,13
DA:29,13
DA:30,13
DA:31,13
DA:32,13
DA:33,2
DA:34,2
DA:35,2
DA:36,13
DA:38,0
DA:40,13
DA:41,13
DA:43,1
DA:44,3
DA:45,3
DA:47,1
DA:48,5
DA:49,5
DA:51,1
DA:52,4
DA:53,4
DA:55,1
DA:56,4
DA:57,4
DA:58,10
DA:59,10
DA:60,4
DA:61,4
DA:62,1
LF:40
LH:39
BRDA:16,0,0,8
BRDA:16,1,0,8
BRDA:18,2,0,13
BRDA:22,3,0,12
BRDA:23,4,0,1
BRDA:32,5,0,2
BRDA:33,6,0,0
BRDA:34,7,0,1
BRDA:36,8,0,0
BRDA:40,9,0,10
BRDA:43,10,0,3
BRDA:47,11,0,5
BRDA:51,12,0,4
BRDA:55,13,0,4
BRDA:57,14,0,10
BRF:15
BRH:13
end_of_record
TN:
SF:src\services\chat-manager.ts
FN:40,executeGetCompactText
FN:64,resolveFormatStyle
FN:89,resolveSignalForChat
FN:115,ChatManager
FN:129,getHistory
FN:194,ask
FN:244,submit
FN:294,process
FN:323,_processSingleSignal
FN:348,_processMultiSignal
FN:377,_runAgentLoop
FN:471,delete
FNF:12
FNH:12
FNDA:18,executeGetCompactText
FNDA:8,resolveFormatStyle
FNDA:44,resolveSignalForChat
FNDA:43,ChatManager
FNDA:46,getHistory
FNDA:9,ask
FNDA:42,submit
FNDA:50,process
FNDA:36,_processSingleSignal
FNDA:14,_processMultiSignal
FNDA:50,_runAgentLoop
FNDA:2,delete
DA:2,1
DA:4,1
DA:5,1
DA:6,1
DA:7,1
DA:8,1
DA:11,1
DA:14,1
DA:17,1
DA:18,1
DA:19,1
DA:20,1
DA:21,1
DA:22,1
DA:23,1
DA:24,1
DA:25,1
DA:26,1
DA:27,1
DA:28,1
DA:29,1
DA:30,1
DA:31,1
DA:32,1
DA:33,1
DA:34,1
DA:40,18
DA:41,18
DA:43,18
DA:44,23
DA:45,23
DA:46,23
DA:48,23
DA:49,22
DA:50,22
DA:51,22
DA:52,22
DA:53,22
DA:54,22
DA:55,23
DA:57,18
DA:58,18
DA:64,8
DA:65,8
DA:66,8
DA:67,0
DA:68,0
DA:69,8
DA:70,8
DA:89,44
DA:90,44
DA:96,44
DA:98,44
DA:99,41
DA:100,41
DA:101,44
DA:102,44
DA:103,44
DA:104,44
DA:105,44
DA:114,1
DA:115,1
DA:116,43
DA:117,43
DA:118,43
DA:129,1
DA:131,46
DA:132,20
DA:138,20
DA:139,20
DA:142,26
DA:143,26
DA:147,46
DA:148,46
DA:150,46
DA:151,25
DA:152,25
DA:153,25
DA:155,39
DA:156,7
DA:157,7
DA:158,7
DA:161,46
DA:162,0
DA:163,0
DA:164,0
DA:168,39
DA:169,0
DA:170,0
DA:172,46
DA:174,46
DA:176,46
DA:179,46
DA:182,46
DA:183,46
DA:194,1
DA:196,9
DA:197,9
DA:198,1
DA:199,1
DA:202,8
DA:203,8
DA:206,8
DA:207,8
DA:208,8
DA:209,8
DA:210,8
DA:211,8
DA:212,8
DA:213,8
DA:214,8
DA:217,8
DA:220,8
DA:221,9
DA:222,20
DA:223,20
DA:224,20
DA:227,9
DA:229,9
DA:230,9
DA:231,9
DA:232,9
DA:234,0
DA:235,0
DA:236,9
DA:244,1
DA:246,42
DA:247,35
DA:248,35
DA:249,2
DA:250,2
DA:252,33
DA:253,33
DA:254,33
DA:256,33
DA:257,33
DA:260,7
DA:261,9
DA:266,42
DA:267,42
DA:271,42
DA:273,42
DA:274,42
DA:275,42
DA:276,42
DA:277,42
DA:278,42
DA:279,42
DA:280,42
DA:281,42
DA:283,42
DA:284,42
DA:294,1
DA:295,50
DA:296,50
DA:297,50
DA:306,50
DA:307,0
DA:308,0
DA:311,50
DA:313,50
DA:314,14
DA:315,50
DA:316,36
DA:317,32
DA:318,50
DA:323,1
DA:324,36
DA:327,36
DA:330,36
DA:334,36
DA:337,36
DA:338,36
DA:339,36
DA:340,36
DA:342,36
DA:343,36
DA:348,1
DA:350,14
DA:351,14
DA:352,14
DA:353,14
DA:354,14
DA:357,14
DA:360,14
DA:363,14
DA:364,14
DA:365,24
DA:366,24
DA:368,14
DA:369,14
DA:377,1
DA:378,50
DA:379,50
DA:380,50
DA:381,50
DA:382,50
DA:383,50
DA:384,50
DA:385,50
DA:386,50
DA:388,50
DA:390,50
DA:392,50
DA:394,50
DA:396,66
DA:397,3
DA:398,3
DA:400,66
DA:404,66
DA:408,61
DA:409,61
DA:410,61
DA:411,77
DA:412,77
DA:413,77
DA:414,77
DA:415,0
DA:416,0
DA:417,77
DA:419,66
DA:420,59
DA:421,59
DA:423,59
DA:425,41
DA:426,41
DA:427,41
DA:430,18
DA:431,18
DA:432,18
DA:433,18
DA:436,18
DA:439,18
DA:440,18
DA:441,18
DA:442,18
DA:445,50
DA:446,0
DA:447,0
DA:450,48
DA:451,2
DA:452,2
DA:454,48
DA:456,50
DA:459,50
DA:460,50
DA:461,50
DA:462,50
DA:464,2
DA:465,2
DA:466,50
DA:471,1
DA:472,2
DA:473,2
DA:474,1
LF:255
LH:240
BRDA:40,0,0,18
BRDA:43,1,0,23
BRDA:48,2,0,22
BRDA:64,3,0,8
BRDA:66,4,0,0
BRDA:89,5,0,44
BRDA:98,6,0,3
BRDA:98,7,0,41
BRDA:101,8,0,0
BRDA:102,9,0,26
BRDA:103,10,0,34
BRDA:115,11,0,43
BRDA:129,12,0,46
BRDA:131,13,0,26
BRDA:131,14,0,20
BRDA:147,15,0,0
BRDA:147,16,0,26
BRDA:148,17,0,0
BRDA:148,18,0,26
BRDA:150,19,0,39
BRDA:150,20,0,27
BRDA:150,21,0,25
BRDA:153,22,0,26
BRDA:155,23,0,7
BRDA:158,24,0,26
BRDA:161,25,0,0
BRDA:161,26,0,39
BRDA:161,27,0,0
BRDA:164,28,0,26
BRDA:168,29,0,0
BRDA:170,30,0,26
BRDA:172,31,0,0
BRDA:194,32,0,9
BRDA:197,33,0,1
BRDA:199,34,0,8
BRDA:221,35,0,20
BRDA:224,36,0,8
BRDA:227,37,0,5
BRDA:227,38,0,3
BRDA:231,39,0,5
BRDA:231,40,0,3
BRDA:232,41,0,0
BRDA:203,42,0,18
BRDA:244,43,0,42
BRDA:246,44,0,35
BRDA:248,45,0,2
BRDA:250,46,0,33
BRDA:257,47,0,9
BRDA:257,48,0,7
BRDA:261,49,0,0
BRDA:266,50,0,6
BRDA:266,51,0,1
BRDA:266,52,0,6
BRDA:267,53,0,7
BRDA:267,54,0,5
BRDA:267,55,0,2
BRDA:271,56,0,1
BRDA:271,57,0,1
BRDA:271,58,0,6
BRDA:280,59,0,1
BRDA:280,60,0,6
BRDA:294,61,0,50
BRDA:306,62,0,0
BRDA:311,63,0,36
BRDA:313,64,0,14
BRDA:314,65,0,2
BRDA:314,66,0,2
BRDA:314,67,0,2
BRDA:315,68,0,36
BRDA:316,69,0,10
BRDA:316,70,0,10
BRDA:316,71,0,10
BRDA:316,72,0,32
BRDA:323,73,0,36
BRDA:342,74,0,32
BRDA:348,75,0,14
BRDA:351,76,0,0
BRDA:353,77,0,0
BRDA:364,78,0,24
BRDA:360,79,0,22
BRDA:360,80,0,8
BRDA:377,81,0,50
BRDA:394,82,0,66
BRDA:396,83,0,8
BRDA:396,84,0,3
BRDA:398,85,0,63
BRDA:400,86,0,5
BRDA:400,87,0,4
BRDA:400,88,0,1
BRDA:404,89,0,64
BRDA:404,90,0,61
BRDA:410,91,0,77
BRDA:411,92,0,9
BRDA:414,93,0,0
BRDA:417,94,0,59
BRDA:419,95,0,64
BRDA:419,96,0,59
BRDA:420,97,0,3
BRDA:423,98,0,41
BRDA:427,99,0,18
BRDA:442,100,0,48
BRDA:442,101,0,43
BRDA:445,102,0,2
BRDA:445,103,0,48
BRDA:445,104,0,0
BRDA:447,105,0,43
BRDA:450,106,0,2
BRDA:452,107,0,43
BRDA:454,108,0,2
BRDA:462,109,0,2
BRDA:471,110,0,2
BRF:111
BRH:96
end_of_record
TN:
SF:src\services\poll-query-service.ts
FN:17,PollQueryService
FN:17,<instance_members_initializer>
FN:19,listRuns
FN:24,getRunState
FN:45,getRunDetail
FNF:5
FNH:5
FNDA:4,PollQueryService
FNDA:4,<instance_members_initializer>
FNDA:9,listRuns
FNDA:24,getRunState
FNDA:14,getRunDetail
DA:2,1
DA:3,1
DA:16,1
DA:17,1
DA:19,1
DA:20,9
DA:21,9
DA:22,9
DA:24,1
DA:25,24
DA:26,24
DA:27,2
DA:28,2
DA:30,22
DA:31,22
DA:32,23
DA:33,23
DA:34,23
DA:35,23
DA:36,22
DA:38,22
DA:39,22
DA:40,22
DA:41,22
DA:42,22
DA:43,24
DA:45,1
DA:46,14
DA:47,14
DA:48,2
DA:49,2
DA:50,12
DA:51,12
DA:52,12
DA:53,14
DA:54,1
LF:36
LH:36
BRDA:17,0,0,4
BRDA:17,1,0,4
BRDA:19,2,0,9
BRDA:24,3,0,24
BRDA:26,4,0,2
BRDA:28,5,0,22
BRDA:31,6,0,23
BRDA:45,7,0,14
BRDA:47,8,0,2
BRDA:49,9,0,12
BRF:10
BRH:10
end_of_record
TN:
SF:src\services\signal-query-service.ts
FN:29,SignalQueryService
FN:29,<instance_members_initializer>
FN:31,get database
FN:35,listSignals
FN:47,getSignalDetail
FN:61,summarizeSignal
FNF:6
FNH:6
FNDA:3,SignalQueryService
FNDA:3,<instance_members_initializer>
FNDA:46,get database
FNDA:30,listSignals
FNDA:9,getSignalDetail
FNDA:4,summarizeSignal
DA:2,1
DA:3,1
DA:4,1
DA:5,1
DA:6,1
DA:28,1
DA:29,1
DA:31,1
DA:32,46
DA:33,46
DA:35,1
DA:36,30
DA:37,30
DA:38,30
DA:39,30
DA:40,30
DA:41,30
DA:42,30
DA:44,30
DA:45,30
DA:47,1
DA:48,9
DA:49,9
DA:50,2
DA:51,2
DA:53,7
DA:54,7
DA:55,9
DA:56,9
DA:58,9
DA:59,9
DA:61,1
DA:63,4
DA:64,4
DA:65,2
DA:66,2
DA:68,2
DA:69,2
DA:70,4
DA:71,1
LF:40
LH:40
BRDA:29,0,0,3
BRDA:29,1,0,3
BRDA:31,2,0,46
BRDA:35,3,0,30
BRDA:47,4,0,9
BRDA:49,5,0,2
BRDA:51,6,0,7
BRDA:55,7,0,4
BRDA:55,8,0,3
BRDA:54,9,0,7
BRDA:61,10,0,4
BRDA:64,11,0,2
BRF:12
BRH:12
end_of_record
TN:
SF:src\services\topic-manager.ts
FN:7,TopicManager
FN:7,<instance_members_initializer>
FN:9,getTopicWithCount
FN:16,getByKey
FN:20,create
FN:24,update
FN:28,delete
FN:32,listWithCounts
FNF:8
FNH:7
FNDA:8,TopicManager
FNDA:8,<instance_members_initializer>
FNDA:4,getTopicWithCount
FNDA:0,getByKey
FNDA:12,create
FNDA:10,update
FNDA:5,delete
FNDA:8,listWithCounts
DA:2,1
DA:6,1
DA:7,1
DA:9,1
DA:10,4
DA:11,4
DA:12,4
DA:13,4
DA:14,4
DA:16,1
DA:17,0
DA:18,0
DA:20,1
DA:21,12
DA:22,12
DA:24,1
DA:25,10
DA:26,10
DA:28,1
DA:29,5
DA:30,5
DA:32,1
DA:33,8
DA:40,8
DA:41,8
DA:42,1
LF:26
LH:24
BRDA:7,0,0,8
BRDA:7,1,0,8
BRDA:9,2,0,4
BRDA:11,3,0,0
BRDA:20,4,0,12
BRDA:24,5,0,10
BRDA:28,6,0,5
BRDA:32,7,0,8
BRF:8
BRH:7
end_of_record
TN:
SF:src\utils\htmx-response.ts
FN:9,htmxNoContent
FNF:1
FNH:1
FNDA:18,htmxNoContent
DA:9,1
DA:10,18
DA:11,11
DA:12,18
DA:13,7
DA:14,7
DA:15,18
LF:7
LH:7
BRDA:9,0,0,18
BRDA:10,1,0,11
BRDA:12,2,0,7
BRF:3
BRH:3
end_of_record
TN:
SF:src\utils\poll-run-view-model.ts
FN:28,mapStatus
FN:39,mapStepStatus
FN:62,stepDisplay
FNF:3
FNH:3
FNDA:66,mapStatus
FNDA:58,mapStepStatus
FNDA:22,stepDisplay
DA:28,1
DA:29,66
DA:30,66
DA:31,66
DA:32,66
DA:33,66
DA:34,66
DA:35,66
DA:36,66
DA:39,1
DA:40,58
DA:41,58
DA:42,58
DA:43,58
DA:44,58
DA:45,58
DA:46,58
DA:47,58
DA:48,58
DA:62,1
DA:64,22
DA:65,4
DA:66,4
DA:69,22
DA:70,4
DA:71,4
DA:74,22
DA:75,4
DA:76,4
DA:79,22
DA:80,5
DA:81,5
DA:84,5
DA:85,5
LF:34
LH:34
BRDA:28,0,0,66
BRDA:30,1,0,27
BRDA:31,2,0,29
BRDA:32,3,0,6
BRDA:33,4,0,2
BRDA:34,5,0,2
BRDA:39,6,0,58
BRDA:41,7,0,10
BRDA:42,8,0,4
BRDA:43,9,0,3
BRDA:44,10,0,31
BRDA:45,11,0,8
BRDA:46,12,0,2
BRDA:62,13,0,22
BRDA:64,14,0,4
BRDA:66,15,0,18
BRDA:69,16,0,4
BRDA:71,17,0,14
BRDA:74,18,0,9
BRDA:74,19,0,4
BRDA:76,20,0,10
BRDA:79,21,0,5
BRDA:79,22,0,5
BRF:23
BRH:23
end_of_record
