TN:
SF:src\delete-video.ts
FN:7,deleteVideo
FNF:1
FNH:1
FNDA:5,deleteVideo
DA:7,1
DA:9,5
DA:10,5
DA:13,3
DA:16,3
DA:18,3
DA:19,3
LF:7
LH:7
BRDA:7,0,0,5
BRDA:10,1,0,2
BRDA:10,2,0,3
BRF:3
BRH:3
end_of_record
TN:
SF:src\http-retry.ts
FN:12,_delay
FN:14,__setDelay
FN:18,isTransientError
FN:26,jitterDelay
FN:32,fetchWithRetry
FN:58,onExternal
FNF:6
FNH:5
FNDA:0,_delay
FNDA:25,__setDelay
FNDA:10,isTransientError
FNDA:8,jitterDelay
FNDA:28,fetchWithRetry
FNDA:1,onExternal
DA:7,1
DA:8,1
DA:9,1
DA:12,1
DA:14,1
DA:15,25
DA:16,25
DA:18,10
DA:19,10
DA:20,8
DA:21,8
DA:22,10
DA:23,10
DA:24,10
DA:26,8
DA:27,8
DA:28,8
DA:29,8
DA:30,8
DA:32,28
DA:33,28
DA:34,28
DA:35,28
DA:36,28
DA:37,28
DA:38,28
DA:39,28
DA:41,28
DA:43,28
DA:45,36
DA:46,2
DA:47,2
DA:49,34
DA:51,34
DA:52,34
DA:55,34
DA:56,36
DA:57,1
DA:58,1
DA:59,1
DA:60,1
DA:61,0
DA:62,0
DA:63,1
DA:64,1
DA:66,34
DA:67,23
DA:70,23
DA:71,36
DA:72,11
DA:75,11
DA:76,1
DA:77,1
DA:80,11
DA:81,2
DA:82,2
DA:85,8
DA:86,8
DA:87,8
DA:88,36
DA:90,11
DA:91,28
LF:62
LH:60
BRDA:14,0,0,25
BRDA:18,1,0,10
BRDA:19,2,0,8
BRDA:21,3,0,2
BRDA:22,4,0,0
BRDA:23,5,0,1
BRDA:26,6,0,8
BRDA:32,7,0,28
BRDA:37,8,0,27
BRDA:37,9,0,2
BRDA:38,10,0,27
BRDA:38,11,0,10
BRDA:39,12,0,27
BRDA:43,13,0,36
BRDA:45,14,0,3
BRDA:45,15,0,2
BRDA:46,16,0,0
BRDA:47,17,0,34
BRDA:56,18,0,1
BRDA:60,19,0,0
BRDA:64,20,0,34
BRDA:66,21,0,23
BRDA:71,22,0,11
BRDA:72,23,0,0
BRDA:75,24,0,1
BRDA:77,25,0,10
BRDA:80,26,0,2
BRDA:82,27,0,8
BRDA:88,28,0,11
BRDA:88,29,0,8
BRDA:90,30,0,0
BRDA:52,31,0,1
BRDA:58,32,0,1
BRDA:58,33,0,0
BRF:34
BRH:28
end_of_record
TN:
SF:src\llm.ts
FN:14,getLlmConfig
FN:34,extractTranscriptionText
FN:49,extractTrailingJson
FN:66,clampScore
FN:73,callLlmWithRetry
FN:108,analyzeSignal
FNF:6
FNH:6
FNDA:35,getLlmConfig
FNDA:17,extractTranscriptionText
FNDA:15,extractTrailingJson
FNDA:10,clampScore
FNDA:17,callLlmWithRetry
FNDA:17,analyzeSignal
DA:2,1
DA:3,1
DA:4,1
DA:11,1
DA:12,1
DA:14,1
DA:15,35
DA:16,35
DA:17,35
DA:18,35
DA:19,35
DA:34,17
DA:35,17
DA:36,17
DA:37,17
DA:38,1
DA:39,1
DA:40,1
DA:41,0
DA:42,0
DA:43,17
DA:45,16
DA:46,16
DA:47,16
DA:49,15
DA:52,15
DA:53,15
DA:54,15
DA:55,15
DA:57,14
DA:58,15
DA:59,1511
DA:60,1480
DA:61,1511
DA:62,1511
DA:63,0
DA:64,0
DA:66,10
DA:67,10
DA:68,10
DA:70,1
DA:71,1
DA:73,17
DA:74,17
DA:75,17
DA:76,17
DA:77,17
DA:78,17
DA:79,17
DA:80,17
DA:81,17
DA:82,17
DA:83,17
DA:84,17
DA:85,17
DA:86,17
DA:88,17
DA:89,1
DA:90,1
DA:92,16
DA:94,17
DA:95,1
DA:96,1
DA:98,15
DA:99,17
DA:100,2
DA:101,2
DA:102,0
DA:103,0
DA:104,2
DA:105,2
DA:106,17
DA:108,17
DA:109,17
DA:110,17
DA:111,17
DA:112,17
DA:113,17
DA:114,17
DA:115,17
DA:116,17
DA:117,0
DA:118,0
DA:120,17
DA:123,17
DA:124,17
DA:125,17
DA:126,17
DA:127,17
DA:128,2
DA:129,2
DA:130,2
DA:131,17
DA:133,17
DA:134,17
DA:135,17
DA:139,15
DA:140,15
DA:141,15
DA:143,17
DA:145,4
DA:146,4
DA:147,4
DA:149,10
DA:150,10
DA:151,10
DA:153,10
DA:156,10
DA:158,10
DA:160,10
DA:162,10
DA:164,10
DA:165,17
DA:166,4
DA:167,4
DA:169,10
DA:170,17
DA:171,3
DA:172,3
DA:173,3
DA:174,3
DA:175,17
LF:122
LH:114
BRDA:14,0,0,35
BRDA:16,1,0,1
BRDA:17,2,0,1
BRDA:34,3,0,17
BRDA:37,4,0,1
BRDA:40,5,0,0
BRDA:43,6,0,16
BRDA:39,7,0,2
BRDA:49,8,0,15
BRDA:54,9,0,22
BRDA:54,10,0,8
BRDA:55,11,0,1
BRDA:55,12,0,14
BRDA:58,13,0,1511
BRDA:59,14,0,31
BRDA:59,15,0,1480
BRDA:60,16,0,31
BRDA:61,17,0,14
BRDA:62,18,0,0
BRDA:66,19,0,10
BRDA:73,20,0,17
BRDA:88,21,0,1
BRDA:90,22,0,16
BRDA:94,23,0,15
BRDA:94,24,0,1
BRDA:96,25,0,15
BRDA:99,26,0,2
BRDA:100,27,0,0
BRDA:101,28,0,0
BRDA:108,29,0,17
BRDA:116,30,0,0
BRDA:127,31,0,2
BRDA:129,32,0,0
BRDA:135,33,0,15
BRDA:143,34,0,4
BRDA:147,35,0,10
BRDA:165,36,0,4
BRDA:167,37,0,10
BRDA:170,38,0,3
BRDA:171,39,0,0
BRDA:149,40,0,2
BRF:41
BRH:34
end_of_record
TN:
SF:src\poll-run-manager.ts
FN:43,<instance_members_initializer>
FN:46,ConcurrencyPool
FN:51,run
FN:68,drain
FN:86,PollRunManager
FN:86,<instance_members_initializer>
FN:89,get database
FN:96,startRun
FN:111,abortRun
FN:116,runState
FN:136,currentProgress
FN:150,enqueuePollRun
FN:160,workerProcessRun
FN:190,upsertProgress
FN:202,incrementDone
FN:292,abortPollRun
FN:334,mapStatus
FN:344,mapStepStatus
FNF:18
FNH:17
FNDA:33,<instance_members_initializer>
FNDA:33,ConcurrencyPool
FNDA:8,run
FNDA:30,drain
FNDA:61,PollRunManager
FNDA:61,<instance_members_initializer>
FNDA:0,get database
FNDA:33,startRun
FNDA:9,abortRun
FNDA:35,runState
FNDA:14,currentProgress
FNDA:33,enqueuePollRun
FNDA:33,workerProcessRun
FNDA:14,upsertProgress
FNDA:6,incrementDone
FNDA:9,abortPollRun
FNDA:34,mapStatus
FNDA:24,mapStepStatus
DA:2,1
DA:3,1
DA:4,1
DA:5,1
DA:6,1
DA:42,1
DA:43,1
DA:44,33
DA:46,1
DA:47,33
DA:48,33
DA:51,1
DA:52,8
DA:53,8
DA:54,8
DA:55,8
DA:56,8
DA:57,8
DA:58,8
DA:59,8
DA:62,8
DA:63,1
DA:64,1
DA:65,8
DA:68,1
DA:69,30
DA:70,30
DA:71,1
DA:83,1
DA:84,1
DA:86,1
DA:89,1
DA:90,0
DA:91,0
DA:96,1
DA:97,33
DA:100,33
DA:103,33
DA:104,33
DA:105,33
DA:107,33
DA:108,33
DA:111,1
DA:112,9
DA:113,9
DA:116,1
DA:117,35
DA:118,35
DA:120,34
DA:121,34
DA:122,24
DA:123,24
DA:124,24
DA:125,24
DA:126,34
DA:128,34
DA:129,34
DA:130,34
DA:131,34
DA:132,34
DA:133,35
DA:136,1
DA:137,14
DA:138,14
DA:139,14
DA:141,10
DA:142,14
DA:144,10
DA:145,10
DA:146,14
DA:150,1
DA:151,33
DA:152,33
DA:153,33
DA:154,33
DA:155,33
DA:156,33
DA:160,1
DA:161,33
DA:164,33
DA:165,33
DA:166,33
DA:167,33
DA:170,33
DA:173,33
DA:174,33
DA:175,33
DA:177,33
DA:178,0
DA:179,0
DA:181,33
DA:182,33
DA:184,33
DA:187,33
DA:190,33
DA:191,14
DA:192,14
DA:193,14
DA:194,14
DA:195,0
DA:196,0
DA:197,0
DA:198,0
DA:199,14
DA:202,33
DA:203,6
DA:204,6
DA:205,6
DA:206,6
DA:209,6
DA:210,6
DA:211,6
DA:213,6
DA:214,4
DA:215,4
DA:216,4
DA:217,4
DA:218,6
DA:219,6
DA:222,33
DA:223,16
DA:224,0
DA:225,0
DA:226,0
DA:228,16
DA:230,16
DA:231,16
DA:232,16
DA:233,16
DA:235,9
DA:237,9
DA:239,5
DA:241,5
DA:244,5
DA:245,8
DA:246,8
DA:247,8
DA:248,8
DA:249,3
DA:250,3
DA:252,2
DA:253,2
DA:254,1
DA:255,1
DA:258,8
DA:259,6
DA:260,6
DA:261,8
DA:262,8
DA:263,10
DA:265,4
DA:266,4
DA:267,16
DA:268,5
DA:269,5
DA:270,16
DA:273,30
DA:276,33
DA:277,1
DA:278,1
DA:279,1
DA:280,1
DA:283,29
DA:284,29
DA:285,29
DA:287,29
DA:288,33
DA:292,1
DA:294,9
DA:295,9
DA:296,1
DA:297,1
DA:298,1
DA:301,9
DA:303,9
DA:305,9
DA:306,2
DA:307,2
DA:309,9
DA:310,1
DA:311,1
DA:313,6
DA:316,6
DA:318,6
DA:321,6
DA:324,6
DA:326,6
DA:327,6
DA:329,6
DA:330,9
DA:334,1
DA:335,34
DA:336,34
DA:337,34
DA:338,34
DA:339,34
DA:340,34
DA:341,34
DA:342,34
DA:344,1
DA:345,24
DA:346,24
DA:347,24
DA:348,24
DA:349,24
DA:350,24
DA:351,24
DA:352,24
DA:353,24
DA:354,1
LF:210
LH:199
BRDA:43,0,0,33
BRDA:46,1,0,33
BRDA:51,2,0,8
BRDA:62,3,0,1
BRDA:52,4,0,8
BRDA:68,5,0,30
BRDA:86,6,0,61
BRDA:86,7,0,61
BRDA:96,8,0,33
BRDA:111,9,0,9
BRDA:116,10,0,35
BRDA:118,11,0,1
BRDA:118,12,0,34
BRDA:121,13,0,24
BRDA:136,14,0,14
BRDA:139,15,0,4
BRDA:139,16,0,10
BRDA:142,17,0,0
BRDA:142,18,0,10
BRDA:150,19,0,33
BRDA:160,20,0,33
BRDA:167,21,0,0
BRDA:177,22,0,0
BRDA:222,23,0,16
BRDA:223,24,0,0
BRDA:233,25,0,10
BRDA:233,26,0,9
BRDA:237,27,0,5
BRDA:244,28,0,8
BRDA:263,29,0,4
BRDA:267,30,0,5
BRDA:270,31,0,30
BRDA:276,32,0,1
BRDA:280,33,0,29
BRDA:190,34,0,14
BRDA:194,35,0,0
BRDA:202,36,0,6
BRDA:203,37,0,6
BRDA:213,38,0,4
BRDA:213,39,0,4
BRDA:245,40,0,8
BRDA:247,41,0,5
BRDA:248,42,0,3
BRDA:250,43,0,1
BRDA:250,44,0,2
BRDA:253,45,0,1
BRDA:255,46,0,6
BRDA:258,47,0,6
BRDA:292,48,0,9
BRDA:295,49,0,1
BRDA:305,50,0,8
BRDA:305,51,0,2
BRDA:307,52,0,7
BRDA:309,53,0,1
BRDA:311,54,0,6
BRDA:316,55,0,6
BRDA:334,56,0,34
BRDA:336,57,0,15
BRDA:337,58,0,15
BRDA:338,59,0,4
BRDA:339,60,0,0
BRDA:340,61,0,0
BRDA:344,62,0,24
BRDA:346,63,0,6
BRDA:347,64,0,2
BRDA:348,65,0,0
BRDA:349,66,0,12
BRDA:350,67,0,4
BRDA:351,68,0,0
BRF:69
BRH:60
end_of_record
TN:
SF:src\poll.ts
FN:21,ingestSignal
FN:80,pollChannel
FNF:2
FNH:2
FNDA:15,ingestSignal
FNDA:13,pollChannel
DA:2,1
DA:3,1
DA:4,1
DA:21,15
DA:22,15
DA:23,15
DA:24,15
DA:25,15
DA:27,15
DA:28,15
DA:29,1
DA:30,1
DA:33,14
DA:34,14
DA:35,14
DA:36,14
DA:37,15
DA:38,0
DA:39,0
DA:40,0
DA:41,15
DA:42,1
DA:43,1
DA:46,15
DA:47,2
DA:48,2
DA:51,11
DA:52,11
DA:53,11
DA:54,11
DA:55,11
DA:56,11
DA:57,11
DA:58,11
DA:59,11
DA:60,11
DA:61,15
DA:62,15
DA:64,15
DA:65,15
DA:80,13
DA:81,13
DA:82,13
DA:83,13
DA:84,13
DA:86,13
DA:87,13
DA:88,1
DA:89,1
DA:92,12
DA:93,12
DA:94,12
DA:95,12
DA:98,13
DA:99,4
DA:100,4
DA:102,6
DA:103,6
DA:104,6
DA:107,7
DA:108,10
DA:109,10
DA:110,10
DA:111,10
DA:113,10
DA:114,9
DA:115,10
DA:116,1
DA:117,1
DA:118,1
DA:119,10
DA:121,6
DA:122,6
DA:123,6
DA:124,6
DA:125,6
DA:126,6
LF:77
LH:74
BRDA:21,0,0,15
BRDA:28,1,0,1
BRDA:30,2,0,14
BRDA:36,3,0,13
BRDA:37,4,0,0
BRDA:41,5,0,1
BRDA:43,6,0,13
BRDA:46,7,0,2
BRDA:48,8,0,11
BRDA:61,9,0,8
BRDA:80,10,0,13
BRDA:87,11,0,1
BRDA:89,12,0,12
BRDA:95,13,0,10
BRDA:98,14,0,4
BRDA:100,15,0,7
BRDA:100,16,0,6
BRDA:107,17,0,10
BRDA:113,18,0,9
BRDA:115,19,0,1
BRDA:119,20,0,6
BRDA:87,21,0,13
BRF:22
BRH:21
end_of_record
TN:
SF:src\prompt-builder.ts
FN:1,buildMergedPrompt
FNF:1
FNH:1
FNDA:17,buildMergedPrompt
DA:1,1
DA:2,17
DA:3,2
DA:6,15
DA:8,17
DA:9,2
DA:10,15
DA:12,17
DA:26,17
DA:45,17
DA:46,17
LF:11
LH:11
BRDA:1,0,0,17
BRDA:2,1,0,2
BRDA:3,2,0,15
BRDA:8,3,0,2
BRDA:9,4,0,15
BRDA:12,5,0,2
BRDA:12,6,0,15
BRDA:26,7,0,2
BRDA:26,8,0,15
BRF:9
BRH:9
end_of_record
TN:
SF:src\query.ts
FN:46,querySignals
FN:114,getEntityTrending
FNF:2
FNH:2
FNDA:41,querySignals
FNDA:2,getEntityTrending
DA:43,1
DA:44,1
DA:46,1
DA:47,41
DA:48,41
DA:50,41
DA:51,41
DA:53,41
DA:54,14
DA:55,14
DA:56,14
DA:58,41
DA:59,8
DA:60,8
DA:61,8
DA:63,41
DA:64,3
DA:65,3
DA:66,3
DA:68,41
DA:69,2
DA:70,2
DA:71,2
DA:73,41
DA:74,4
DA:75,4
DA:76,4
DA:78,41
DA:79,2
DA:80,2
DA:81,2
DA:83,41
DA:84,3
DA:85,3
DA:86,3
DA:89,41
DA:90,35
DA:91,35
DA:92,35
DA:94,41
DA:97,41
DA:98,41
DA:99,41
DA:102,41
DA:105,41
DA:109,41
DA:111,41
DA:112,41
DA:114,1
DA:115,2
DA:125,2
DA:132,2
DA:133,6
DA:134,6
DA:135,6
DA:136,6
DA:137,2
DA:138,2
LF:58
LH:58
BRDA:46,0,0,41
BRDA:47,1,0,32
BRDA:48,2,0,29
BRDA:53,3,0,14
BRDA:58,4,0,8
BRDA:63,5,0,3
BRDA:68,6,0,2
BRDA:73,7,0,4
BRDA:78,8,0,2
BRDA:83,9,0,3
BRDA:89,10,0,35
BRDA:94,11,0,38
BRDA:94,12,0,3
BRDA:99,13,0,0
BRDA:114,14,0,2
BRDA:132,15,0,6
BRF:16
BRH:15
end_of_record
TN:
SF:src\rss-discovery.ts
FN:19,parseRssFeed
FN:47,parseChannelInfo
FN:69,fetchUrl
FN:79,fetchRssSync
FN:93,resolveChannelId
FN:138,fetchPageHtml
FN:159,discoverCandidates
FN:211,fetchChannelInfo
FNF:8
FNH:7
FNDA:19,parseRssFeed
FNDA:5,parseChannelInfo
FNDA:6,fetchUrl
FNDA:6,fetchRssSync
FNDA:5,resolveChannelId
FNDA:0,fetchPageHtml
FNDA:20,discoverCandidates
FNDA:3,fetchChannelInfo
DA:1,1
DA:16,1
DA:17,1
DA:19,1
DA:20,19
DA:21,5
DA:22,5
DA:23,14
DA:24,14
DA:25,14
DA:27,15
DA:28,26
DA:30,26
DA:31,26
DA:32,26
DA:34,26
DA:35,26
DA:36,26
DA:37,26
DA:38,26
DA:39,26
DA:40,26
DA:41,26
DA:42,26
DA:44,14
DA:45,14
DA:47,1
DA:48,5
DA:49,5
DA:51,5
DA:54,2
DA:55,2
DA:56,5
DA:59,5
DA:60,2
DA:61,0
DA:63,5
DA:64,5
DA:65,5
DA:66,5
DA:67,5
DA:69,6
DA:70,6
DA:71,6
DA:72,4
DA:73,4
DA:74,4
DA:75,6
DA:76,6
DA:77,6
DA:79,6
DA:80,6
DA:81,6
DA:93,5
DA:94,5
DA:95,5
DA:96,5
DA:98,5
DA:99,5
DA:100,1
DA:101,1
DA:104,4
DA:105,5
DA:106,1
DA:107,1
DA:110,5
DA:113,5
DA:114,5
DA:115,1
DA:116,5
DA:117,2
DA:118,2
DA:119,0
DA:120,0
DA:122,3
DA:125,3
DA:126,5
DA:127,1
DA:128,1
DA:130,2
DA:131,5
DA:132,1
DA:133,1
DA:135,1
DA:136,1
DA:138,0
DA:139,0
DA:140,0
DA:159,20
DA:160,20
DA:161,20
DA:162,20
DA:163,20
DA:164,20
DA:166,20
DA:169,20
DA:170,20
DA:172,20
DA:173,20
DA:174,20
DA:177,20
DA:178,9
DA:179,10
DA:181,20
DA:182,19
DA:183,19
DA:184,16
DA:186,19
DA:187,24
DA:190,24
DA:191,3
DA:192,3
DA:193,3
DA:196,24
DA:197,6
DA:198,6
DA:199,6
DA:201,18
DA:202,18
DA:203,19
DA:204,5
DA:205,5
DA:206,19
DA:208,17
DA:209,17
DA:211,3
DA:212,3
DA:213,3
DA:214,3
DA:215,3
DA:216,3
DA:217,3
DA:218,2
DA:219,3
DA:220,1
DA:221,1
DA:222,3
LF:137
LH:131
BRDA:19,0,0,19
BRDA:20,1,0,5
BRDA:22,2,0,15
BRDA:22,3,0,14
BRDA:27,4,0,26
BRDA:42,5,0,14
BRDA:47,6,0,5
BRDA:51,7,0,4
BRDA:51,8,0,3
BRDA:51,9,0,2
BRDA:56,10,0,0
BRDA:59,11,0,2
BRDA:60,12,0,0
BRDA:69,13,0,6
BRDA:70,14,0,6
BRDA:71,15,0,4
BRDA:73,16,0,8
BRDA:74,17,0,4
BRDA:79,18,0,6
BRDA:93,19,0,5
BRDA:99,20,0,1
BRDA:101,21,0,4
BRDA:105,22,0,1
BRDA:107,23,0,3
BRDA:110,24,0,0
BRDA:114,25,0,1
BRDA:116,26,0,2
BRDA:118,27,0,0
BRDA:120,28,0,3
BRDA:126,29,0,1
BRDA:128,30,0,2
BRDA:131,31,0,1
BRDA:159,32,0,20
BRDA:164,33,0,1
BRDA:164,34,0,19
BRDA:166,35,0,6
BRDA:177,36,0,9
BRDA:178,37,0,10
BRDA:181,38,0,19
BRDA:183,39,0,16
BRDA:186,40,0,13
BRDA:186,41,0,24
BRDA:190,42,0,3
BRDA:193,43,0,21
BRDA:196,44,0,6
BRDA:198,45,0,3
BRDA:199,46,0,18
BRDA:202,47,0,12
BRDA:203,48,0,5
BRDA:206,49,0,17
BRDA:170,50,0,3
BRDA:211,51,0,3
BRDA:216,52,0,0
BRDA:217,53,0,2
BRDA:219,54,0,1
BRF:55
BRH:50
end_of_record
TN:
SF:src\scheduler.ts
FN:23,recoverStaleRuns
FN:82,startScheduledPolling
FN:94,stopScheduledPolling
FNF:3
FNH:3
FNDA:10,recoverStaleRuns
FNDA:2,startScheduledPolling
FNDA:1,stopScheduledPolling
DA:1,1
DA:5,1
DA:6,1
DA:23,1
DA:24,10
DA:25,10
DA:26,10
DA:28,10
DA:29,2
DA:30,2
DA:32,8
DA:34,11
DA:39,11
DA:42,11
DA:45,11
DA:48,11
DA:51,11
DA:53,11
DA:55,4
DA:57,4
DA:59,4
DA:60,10
DA:62,7
DA:65,7
DA:67,7
DA:68,7
DA:69,8
DA:71,10
DA:72,11
DA:73,11
DA:75,8
DA:76,8
DA:82,1
DA:83,2
DA:84,2
DA:85,1
DA:86,1
DA:87,1
DA:88,2
DA:89,2
DA:94,1
DA:95,1
DA:96,1
DA:97,1
DA:98,1
DA:99,1
DA:100,1
LF:47
LH:47
BRDA:23,0,0,10
BRDA:28,1,0,2
BRDA:30,2,0,8
BRDA:71,3,0,11
BRDA:73,4,0,8
BRDA:32,5,0,11
BRDA:53,6,0,10
BRDA:53,7,0,4
BRDA:60,8,0,7
BRDA:82,9,0,2
BRDA:84,10,0,1
BRDA:94,11,0,1
BRF:12
BRH:12
end_of_record
TN:
SF:src\signal-detail.ts
FN:4,getSignalById
FN:11,escapeHtml
FN:30,injectTimestampAnchors
FN:44,formatTime
FN:51,formatTranscriptionHtml
FNF:5
FNH:5
FNDA:9,getSignalById
FNDA:21,escapeHtml
FNDA:8,injectTimestampAnchors
FNDA:19,formatTime
FNDA:12,formatTranscriptionHtml
DA:4,1
DA:5,9
DA:6,9
DA:7,9
DA:8,9
DA:9,9
DA:11,1
DA:12,21
DA:13,21
DA:14,21
DA:15,21
DA:16,21
DA:17,21
DA:18,21
DA:19,21
DA:20,21
DA:28,1
DA:30,1
DA:31,8
DA:33,8
DA:34,8
DA:35,8
DA:36,8
DA:37,8
DA:38,8
DA:44,19
DA:45,19
DA:46,19
DA:47,19
DA:48,19
DA:49,19
DA:51,1
DA:52,12
DA:54,10
DA:55,10
DA:56,10
DA:57,12
DA:58,0
DA:59,0
DA:61,12
DA:63,7
DA:64,7
DA:65,11
DA:66,11
DA:67,11
DA:68,7
DA:69,7
DA:70,7
LF:48
LH:46
BRDA:4,0,0,9
BRDA:8,1,0,3
BRDA:11,2,0,21
BRDA:19,3,0,20
BRDA:30,4,0,8
BRDA:33,5,0,8
BRDA:44,6,0,19
BRDA:51,7,0,12
BRDA:52,8,0,2
BRDA:52,9,0,10
BRDA:57,10,0,0
BRDA:59,11,0,10
BRDA:61,12,0,9
BRDA:61,13,0,3
BRDA:61,14,0,7
BRDA:64,15,0,11
BRF:16
BRH:15
end_of_record
TN:
SF:src\signal-state.ts
FN:13,isPending
FN:18,isIrrelevant
FN:23,isSummarized
FN:28,markIrrelevant
FN:34,markSummarized
FN:40,deletePendingForRun
FN:57,countProcessedForRun
FN:66,pendingSignalsForChannel
FNF:8
FNH:8
FNDA:3,isPending
FNDA:3,isIrrelevant
FNDA:3,isSummarized
FNDA:6,markIrrelevant
FNDA:12,markSummarized
FNDA:9,deletePendingForRun
FNDA:9,countProcessedForRun
FNDA:8,pendingSignalsForChannel
DA:8,1
DA:9,1
DA:10,1
DA:13,1
DA:14,3
DA:15,3
DA:18,1
DA:19,3
DA:20,3
DA:23,1
DA:24,3
DA:25,3
DA:28,1
DA:29,6
DA:30,6
DA:31,6
DA:34,1
DA:35,12
DA:36,12
DA:37,12
DA:40,1
DA:42,9
DA:47,9
DA:50,9
DA:53,9
DA:54,9
DA:57,1
DA:58,9
DA:61,9
DA:62,9
DA:63,9
DA:66,1
DA:67,8
DA:68,8
DA:69,8
DA:70,8
DA:71,8
DA:72,8
DA:73,8
DA:74,8
LF:40
LH:40
BRDA:13,0,0,3
BRDA:18,1,0,3
BRDA:23,2,0,3
BRDA:28,3,0,6
BRDA:34,4,0,12
BRDA:40,5,0,9
BRDA:57,6,0,9
BRDA:66,7,0,8
BRF:8
BRH:8
end_of_record
TN:
SF:src\transcription-merge.ts
FN:36,mergeOverlappingSegments
FN:86,trimLeadingWordOverlap
FN:129,groupSegments
FNF:3
FNH:3
FNDA:16,mergeOverlappingSegments
FNDA:14,trimLeadingWordOverlap
FNDA:15,groupSegments
DA:36,1
DA:37,16
DA:38,16
DA:41,13
DA:43,16
DA:44,26
DA:45,26
DA:50,26
DA:51,26
DA:53,26
DA:55,12
DA:56,12
DA:57,12
DA:58,24
DA:60,14
DA:61,14
DA:62,26
DA:67,15
DA:68,14
DA:69,14
DA:70,14
DA:71,14
DA:72,9
DA:73,9
DA:74,14
DA:77,13
DA:78,13
DA:86,14
DA:87,14
DA:88,14
DA:89,14
DA:91,14
DA:95,14
DA:96,14
DA:98,14
DA:100,47
DA:102,47
DA:104,47
DA:105,47
DA:106,48
DA:107,38
DA:108,38
DA:109,38
DA:110,48
DA:111,47
DA:112,9
DA:113,9
DA:114,9
DA:115,47
DA:117,14
DA:120,9
DA:121,9
DA:122,9
DA:129,1
DA:130,15
DA:132,14
DA:133,14
DA:134,14
DA:136,15
DA:137,21
DA:138,16
DA:139,16
DA:140,21
DA:141,5
DA:142,5
DA:143,21
DA:145,14
DA:146,14
LF:68
LH:68
BRDA:36,0,0,16
BRDA:37,1,0,1
BRDA:37,2,0,15
BRDA:38,3,0,2
BRDA:38,4,0,13
BRDA:43,5,0,26
BRDA:53,6,0,24
BRDA:53,7,0,24
BRDA:53,8,0,12
BRDA:58,9,0,14
BRDA:62,10,0,15
BRDA:62,11,0,13
BRDA:67,12,0,14
BRDA:71,13,0,9
BRDA:74,14,0,13
BRDA:77,15,0,27
BRDA:86,16,0,14
BRDA:91,17,0,0
BRDA:98,18,0,47
BRDA:105,19,0,48
BRDA:106,20,0,38
BRDA:111,21,0,9
BRDA:117,22,0,13
BRDA:117,23,0,5
BRDA:117,24,0,9
BRDA:89,25,0,74
BRDA:129,26,0,15
BRDA:130,27,0,1
BRDA:130,28,0,14
BRDA:136,29,0,21
BRDA:137,30,0,7
BRDA:137,31,0,16
BRDA:140,32,0,5
BRDA:143,33,0,14
BRDA:145,34,0,16
BRF:35
BRH:34
end_of_record
TN:
SF:src\transcription.ts
FN:34,parseVtt
FN:78,parseVttTimestamp
FN:92,extractCaptions
FNF:3
FNH:3
FNDA:3,parseVtt
FNDA:14,parseVttTimestamp
FNDA:5,extractCaptions
DA:1,1
DA:2,1
DA:3,1
DA:4,1
DA:6,1
DA:9,1
DA:34,3
DA:35,3
DA:36,3
DA:38,3
DA:41,3
DA:42,3
DA:43,3
DA:45,3
DA:47,17
DA:49,17
DA:50,7
DA:51,7
DA:54,7
DA:55,7
DA:56,7
DA:57,7
DA:58,7
DA:59,7
DA:61,7
DA:63,7
DA:64,7
DA:65,7
DA:66,7
DA:67,17
DA:68,10
DA:69,10
DA:70,17
DA:72,3
DA:73,3
DA:78,14
DA:80,14
DA:81,14
DA:83,14
DA:85,14
DA:86,14
DA:87,14
DA:89,14
DA:90,14
DA:92,5
DA:93,5
DA:94,5
DA:95,5
DA:96,5
DA:99,5
DA:100,5
DA:105,5
DA:106,5
DA:107,5
DA:108,5
DA:109,5
DA:110,5
DA:111,5
DA:112,5
DA:113,5
DA:114,5
DA:117,5
DA:118,5
DA:120,5
DA:121,5
DA:123,5
DA:125,5
DA:127,5
DA:129,5
DA:131,5
DA:132,5
DA:133,1
DA:134,1
DA:135,1
DA:140,4
DA:141,4
DA:142,4
DA:144,5
DA:145,1
DA:146,1
DA:147,1
DA:149,3
DA:150,3
DA:151,3
DA:152,3
DA:153,5
DA:154,0
DA:155,0
DA:156,0
DA:158,3
DA:159,3
DA:162,3
DA:163,3
DA:164,5
DA:166,0
DA:168,3
DA:169,5
DA:171,5
DA:172,1
DA:173,5
DA:174,5
DA:175,5
LF:102
LH:98
BRDA:34,0,0,3
BRDA:45,1,0,17
BRDA:49,2,0,7
BRDA:56,3,0,14
BRDA:67,4,0,10
BRDA:78,5,0,14
BRDA:83,6,0,0
BRDA:92,7,0,5
BRDA:118,8,0,0
BRDA:120,9,0,5
BRDA:131,10,0,5
BRDA:132,11,0,1
BRDA:135,12,0,4
BRDA:144,13,0,1
BRDA:147,14,0,3
BRDA:153,15,0,0
BRDA:156,16,0,3
BRDA:164,17,0,0
BRDA:166,18,0,3
BRDA:142,19,0,3
BRDA:171,20,0,1
BRF:21
BRH:17
end_of_record
TN:
SF:src\db\init-db.ts
FN:3,initDb
FNF:1
FNH:1
FNDA:217,initDb
DA:3,1
DA:4,217
DA:5,217
DA:7,217
DA:66,217
DA:69,217
DA:70,217
DA:71,217
DA:72,0
DA:73,0
DA:76,217
DA:77,217
DA:78,217
DA:79,0
DA:80,0
DA:83,217
DA:84,0
DA:85,0
DA:88,217
DA:89,217
DA:90,217
DA:91,0
DA:92,0
DA:95,217
DA:97,1
DA:100,1
DA:103,1
DA:104,1
DA:107,217
DA:108,1
DA:109,1
DA:110,217
DA:111,1
DA:112,1
DA:115,217
DA:116,0
DA:117,0
DA:120,217
DA:121,0
DA:122,0
DA:125,217
DA:126,0
DA:127,0
DA:130,217
DA:131,0
DA:132,0
DA:135,217
DA:136,216
DA:137,216
DA:140,217
DA:141,217
DA:142,217
DA:143,216
DA:144,216
DA:145,217
LF:55
LH:39
BRDA:3,0,0,217
BRDA:71,1,0,0
BRDA:78,2,0,0
BRDA:83,3,0,0
BRDA:90,4,0,0
BRDA:95,5,0,1
BRDA:107,6,0,1
BRDA:110,7,0,1
BRDA:115,8,0,0
BRDA:120,9,0,0
BRDA:125,10,0,0
BRDA:130,11,0,0
BRDA:135,12,0,216
BRDA:142,13,0,216
BRDA:70,14,0,1302
BRDA:77,15,0,1954
BRDA:89,16,0,2388
BRDA:141,17,0,1303
BRF:18
BRH:10
end_of_record
TN:
SF:src\db\poll-runs.ts
FN:4,preRegisterChannelProgress
FN:49,queryPollRuns
FN:68,getPollRunById
FN:79,queryPollRunProgress
FNF:4
FNH:4
FNDA:42,preRegisterChannelProgress
FNDA:9,queryPollRuns
FNDA:53,getPollRunById
FNDA:55,queryPollRunProgress
DA:4,1
DA:5,42
DA:6,42
DA:7,42
DA:9,42
DA:10,42
DA:11,42
DA:12,42
DA:14,42
DA:15,42
DA:16,28
DA:17,28
DA:18,42
DA:20,42
DA:21,42
DA:49,1
DA:50,9
DA:51,9
DA:53,9
DA:55,9
DA:56,9
DA:63,9
DA:65,9
DA:66,9
DA:68,1
DA:69,53
DA:70,53
DA:75,53
DA:76,53
DA:77,53
DA:79,1
DA:80,55
DA:81,55
DA:86,55
DA:96,55
DA:97,47
DA:98,47
DA:99,47
DA:100,47
DA:101,47
DA:102,47
DA:103,55
DA:104,55
LF:43
LH:43
BRDA:4,0,0,42
BRDA:14,1,0,42
BRDA:15,2,0,28
BRDA:49,3,0,9
BRDA:50,4,0,0
BRDA:51,5,0,0
BRDA:68,6,0,53
BRDA:76,7,0,50
BRDA:76,8,0,3
BRDA:79,9,0,55
BRDA:96,10,0,47
BRF:11
BRH:9
end_of_record
TN:
SF:src\db\watchlist.ts
FN:53,getChannelsWithTopics
FN:57,listActiveChannels
FN:63,getAdminData
FN:89,addChannel
FN:101,updateChannelTopic
FN:105,removeChannel
FN:120,toggleChannelActive
FN:124,updateChannelInfo
FN:128,listChannels
FN:134,getChannelLastPollDate
FN:143,createTopic
FN:149,listTopics
FN:155,getTopicById
FN:160,updateTopic
FN:183,deleteTopic
FNF:15
FNH:14
FNDA:12,getChannelsWithTopics
FNDA:34,listActiveChannels
FNDA:2,getAdminData
FNDA:159,addChannel
FNDA:5,updateChannelTopic
FNDA:4,removeChannel
FNDA:7,toggleChannelActive
FNDA:0,updateChannelInfo
FNDA:36,listChannels
FNDA:12,getChannelLastPollDate
FNDA:97,createTopic
FNDA:50,listTopics
FNDA:11,getTopicById
FNDA:7,updateTopic
FNDA:6,deleteTopic
DA:46,1
DA:53,1
DA:54,12
DA:55,12
DA:57,1
DA:58,34
DA:59,34
DA:60,34
DA:61,34
DA:63,1
DA:64,2
DA:73,2
DA:75,2
DA:82,2
DA:84,2
DA:85,2
DA:89,1
DA:90,159
DA:91,159
DA:92,159
DA:93,159
DA:94,159
DA:95,159
DA:96,159
DA:97,159
DA:98,159
DA:99,159
DA:101,1
DA:102,5
DA:103,5
DA:105,1
DA:106,4
DA:108,4
DA:109,4
DA:110,4
DA:111,4
DA:112,1
DA:113,1
DA:114,1
DA:115,4
DA:116,4
DA:117,4
DA:118,4
DA:120,1
DA:121,7
DA:122,7
DA:124,1
DA:125,0
DA:126,0
DA:128,1
DA:129,36
DA:130,36
DA:131,36
DA:132,36
DA:134,1
DA:135,12
DA:136,12
DA:137,12
DA:138,12
DA:139,12
DA:143,1
DA:144,97
DA:145,97
DA:146,97
DA:147,97
DA:149,1
DA:150,50
DA:151,50
DA:152,50
DA:153,50
DA:155,1
DA:156,11
DA:157,11
DA:158,11
DA:160,1
DA:161,7
DA:162,7
DA:164,7
DA:165,2
DA:166,2
DA:167,2
DA:168,7
DA:169,6
DA:170,6
DA:171,6
DA:172,7
DA:173,2
DA:174,2
DA:175,2
DA:177,7
DA:179,6
DA:180,6
DA:181,6
DA:183,1
DA:185,6
DA:186,6
DA:187,6
LF:97
LH:95
BRDA:53,0,0,12
BRDA:57,1,0,34
BRDA:63,2,0,2
BRDA:89,3,0,159
BRDA:98,4,0,11
BRDA:98,5,0,158
BRDA:98,6,0,81
BRDA:101,7,0,5
BRDA:105,8,0,4
BRDA:106,9,0,4
BRDA:111,10,0,1
BRDA:120,11,0,7
BRDA:121,12,0,2
BRDA:121,13,0,5
BRDA:128,14,0,36
BRDA:134,15,0,12
BRDA:138,16,0,11
BRDA:143,17,0,97
BRDA:149,18,0,50
BRDA:155,19,0,11
BRDA:157,20,0,4
BRDA:160,21,0,7
BRDA:164,22,0,2
BRDA:168,23,0,6
BRDA:172,24,0,2
BRDA:177,25,0,1
BRDA:177,26,0,6
BRDA:183,27,0,6
BRF:28
BRH:28
end_of_record
TN:
SF:src\routes\admin-channels-router.ts
FN:5,createAdminChannelsRouter
FNF:1
FNH:1
FNDA:4,createAdminChannelsRouter
DA:1,1
DA:3,1
DA:5,1
DA:6,4
DA:9,4
DA:10,4
DA:11,4
DA:12,1
DA:13,1
DA:14,1
DA:16,4
DA:17,4
DA:18,3
DA:19,4
DA:22,4
DA:23,3
DA:24,3
DA:25,1
DA:26,1
DA:27,1
DA:28,2
DA:29,2
DA:30,4
DA:33,4
DA:34,3
DA:35,3
DA:36,3
DA:37,1
DA:38,1
DA:39,1
DA:40,2
DA:41,2
DA:42,4
DA:45,4
DA:46,3
DA:47,3
DA:48,1
DA:49,1
DA:50,1
DA:51,3
DA:52,3
DA:53,3
DA:54,4
DA:56,4
DA:57,4
LF:45
LH:45
BRDA:5,0,0,4
BRDA:9,1,0,4
BRDA:11,2,0,1
BRDA:14,3,0,3
BRDA:16,4,0,1
BRDA:16,5,0,2
BRDA:17,6,0,3
BRDA:22,7,0,3
BRDA:24,8,0,1
BRDA:27,9,0,2
BRDA:33,10,0,3
BRDA:36,11,0,1
BRDA:39,12,0,2
BRDA:45,13,0,3
BRDA:47,14,0,1
BRDA:50,15,0,2
BRDA:51,16,0,1
BRDA:51,17,0,1
BRF:18
BRH:18
end_of_record
TN:
SF:src\routes\admin-polling-router.ts
FN:4,createAdminPollingRouter
FNF:1
FNH:1
FNDA:3,createAdminPollingRouter
DA:1,1
DA:4,1
DA:5,3
DA:8,3
DA:9,5
DA:10,5
DA:13,5
DA:16,5
DA:17,5
DA:18,5
DA:19,5
DA:20,5
DA:21,5
DA:22,5
DA:23,0
DA:24,0
DA:25,3
DA:28,3
DA:29,2
DA:31,2
DA:32,2
DA:33,1
DA:35,1
DA:36,1
DA:37,1
DA:38,1
DA:39,1
DA:40,1
DA:41,1
DA:42,1
DA:43,1
DA:44,1
DA:45,1
DA:46,1
DA:48,0
DA:49,0
DA:50,0
DA:51,0
DA:52,0
DA:53,0
DA:54,0
DA:57,1
DA:58,1
DA:59,1
DA:60,1
DA:61,1
DA:62,1
DA:63,2
DA:64,0
DA:65,0
DA:66,3
DA:69,3
DA:71,6
DA:72,6
DA:73,1
DA:74,1
DA:75,1
DA:78,5
DA:79,6
DA:80,0
DA:81,0
DA:82,0
DA:84,5
DA:85,5
DA:86,5
DA:87,5
DA:88,3
DA:90,3
DA:91,3
LF:69
LH:55
BRDA:4,0,0,3
BRDA:8,1,0,5
BRDA:10,2,0,1
BRDA:10,3,0,4
BRDA:22,4,0,0
BRDA:28,5,0,2
BRDA:32,6,0,1
BRDA:46,7,0,0
BRDA:63,8,0,0
BRDA:69,9,0,6
BRDA:72,10,0,1
BRDA:75,11,0,5
BRDA:79,12,0,0
BRDA:82,13,0,5
BRF:14
BRH:10
end_of_record
TN:
SF:src\routes\admin-router.ts
FN:6,createAdminRouter
FNF:1
FNH:1
FNDA:3,createAdminRouter
DA:1,1
DA:6,1
DA:7,3
DA:8,3
DA:9,3
DA:10,3
DA:11,3
DA:14,3
DA:15,3
DA:16,3
DA:19,3
DA:20,3
DA:21,3
DA:22,1
DA:23,1
DA:25,3
DA:27,3
DA:28,3
DA:29,3
DA:30,3
DA:31,3
DA:32,3
DA:33,3
DA:34,3
DA:35,3
DA:37,3
DA:38,3
LF:27
LH:27
BRDA:6,0,0,3
BRDA:14,1,0,3
BRDA:21,2,0,1
BRDA:21,3,0,1
BRF:4
BRH:4
end_of_record
TN:
SF:src\routes\admin-topics-router.ts
FN:6,createAdminTopicsRouter
FNF:1
FNH:1
FNDA:3,createAdminTopicsRouter
DA:1,1
DA:4,1
DA:6,1
DA:7,3
DA:10,3
DA:11,5
DA:12,5
DA:13,5
DA:15,5
DA:16,1
DA:17,1
DA:18,1
DA:20,4
DA:21,5
DA:22,5
DA:23,1
DA:24,1
DA:25,1
DA:26,1
DA:27,1
DA:28,0
DA:29,0
DA:31,3
DA:32,3
DA:35,3
DA:36,4
DA:37,4
DA:38,1
DA:39,1
DA:40,1
DA:42,3
DA:43,4
DA:44,3
DA:45,4
DA:47,3
DA:50,4
DA:51,2
DA:52,2
DA:53,2
DA:54,2
DA:55,2
DA:57,1
DA:58,3
DA:61,3
DA:62,4
DA:63,4
DA:64,1
DA:65,1
DA:66,1
DA:68,3
DA:69,3
DA:70,3
DA:72,3
DA:73,3
LF:54
LH:52
BRDA:6,0,0,3
BRDA:10,1,0,5
BRDA:15,2,0,1
BRDA:18,3,0,4
BRDA:21,4,0,0
BRDA:21,5,0,3
BRDA:22,6,0,1
BRDA:23,7,0,0
BRDA:24,8,0,0
BRDA:27,9,0,0
BRDA:29,10,0,3
BRDA:35,11,0,4
BRDA:37,12,0,1
BRDA:40,13,0,3
BRDA:43,14,0,1
BRDA:43,15,0,3
BRDA:45,16,0,1
BRDA:45,17,0,3
BRDA:50,18,0,2
BRDA:55,19,0,1
BRDA:61,20,0,4
BRDA:63,21,0,1
BRDA:66,22,0,3
BRF:23
BRH:19
end_of_record
TN:
SF:src\routes\polls-router.ts
FN:4,createPollsRouter
FNF:1
FNH:1
FNDA:2,createPollsRouter
DA:1,1
DA:4,1
DA:5,2
DA:8,2
DA:9,4
DA:10,4
DA:12,4
DA:13,4
DA:15,4
DA:16,4
DA:17,4
DA:18,4
DA:19,4
DA:20,4
DA:21,4
DA:22,4
DA:23,2
DA:26,2
DA:27,4
DA:28,4
DA:29,4
DA:30,1
DA:31,1
DA:32,1
DA:34,3
DA:35,3
DA:36,3
DA:37,3
DA:38,3
DA:39,3
DA:40,2
DA:42,2
DA:43,2
LF:33
LH:33
BRDA:4,0,0,2
BRDA:8,1,0,4
BRDA:26,2,0,4
BRDA:29,3,0,1
BRDA:32,4,0,3
BRF:5
BRH:5
end_of_record
TN:
SF:src\routes\signals-router.ts
FN:9,createSignalsRouter
FNF:1
FNH:1
FNDA:1,createSignalsRouter
DA:1,1
DA:3,1
DA:9,1
DA:10,1
DA:13,1
DA:14,6
DA:15,6
DA:16,6
DA:17,6
DA:18,6
DA:19,6
DA:20,6
DA:22,6
DA:23,6
DA:24,6
DA:25,6
DA:27,6
DA:28,5
DA:29,5
DA:30,5
DA:31,5
DA:32,5
DA:33,5
DA:34,5
DA:35,5
DA:36,5
DA:37,5
DA:38,6
DA:39,1
DA:40,1
DA:41,1
DA:42,1
DA:43,1
DA:44,1
DA:45,1
DA:46,1
DA:47,1
DA:48,1
DA:49,1
DA:50,1
DA:51,1
DA:52,1
DA:53,1
DA:56,1
DA:57,3
DA:58,3
DA:59,1
DA:60,1
DA:61,1
DA:63,2
DA:64,2
DA:65,3
DA:66,3
DA:67,3
DA:68,3
DA:69,3
DA:70,3
DA:71,3
DA:72,1
DA:75,1
DA:76,2
DA:77,2
DA:78,2
DA:79,1
DA:80,1
DA:81,1
DA:82,1
DA:83,1
DA:85,1
DA:86,1
LF:70
LH:70
BRDA:9,0,0,1
BRDA:13,1,0,6
BRDA:27,2,0,5
BRDA:38,3,0,1
BRDA:56,4,0,3
BRDA:58,5,0,1
BRDA:61,6,0,2
BRDA:65,7,0,0
BRDA:75,8,0,2
BRDA:78,9,0,1
BRDA:79,10,0,0
BRF:11
BRH:9
end_of_record
TN:
SF:src\services\channel-manager.ts
FN:16,ChannelManager
FN:16,<instance_members_initializer>
FN:18,addChannelWithInfo
FN:43,removeChannel
FN:47,toggleActive
FN:51,updateTopic
FN:55,listAll
FNF:7
FNH:7
FNDA:8,ChannelManager
FNDA:8,<instance_members_initializer>
FNDA:13,addChannelWithInfo
FNDA:3,removeChannel
FNDA:5,toggleActive
FNDA:4,updateTopic
FNDA:4,listAll
DA:2,1
DA:3,1
DA:15,1
DA:16,1
DA:18,1
DA:20,13
DA:21,13
DA:22,13
DA:23,13
DA:24,1
DA:25,1
DA:28,13
DA:29,13
DA:30,13
DA:31,13
DA:32,13
DA:33,2
DA:34,2
DA:35,2
DA:36,13
DA:38,0
DA:40,13
DA:41,13
DA:43,1
DA:44,3
DA:45,3
DA:47,1
DA:48,5
DA:49,5
DA:51,1
DA:52,4
DA:53,4
DA:55,1
DA:56,4
DA:57,4
DA:58,10
DA:59,10
DA:60,4
DA:61,4
DA:62,1
LF:40
LH:39
BRDA:16,0,0,8
BRDA:16,1,0,8
BRDA:18,2,0,13
BRDA:22,3,0,12
BRDA:23,4,0,1
BRDA:32,5,0,2
BRDA:33,6,0,0
BRDA:34,7,0,1
BRDA:36,8,0,0
BRDA:40,9,0,10
BRDA:43,10,0,3
BRDA:47,11,0,5
BRDA:51,12,0,4
BRDA:55,13,0,4
BRDA:57,14,0,10
BRF:15
BRH:13
end_of_record
TN:
SF:src\services\poll-query-service.ts
FN:15,PollQueryService
FN:15,<instance_members_initializer>
FN:17,listRuns
FN:22,getRunDetail
FNF:4
FNH:4
FNDA:3,PollQueryService
FNDA:3,<instance_members_initializer>
FNDA:9,listRuns
FNDA:8,getRunDetail
DA:2,1
DA:14,1
DA:15,1
DA:17,1
DA:18,9
DA:19,9
DA:20,9
DA:22,1
DA:23,8
DA:24,8
DA:25,2
DA:26,2
DA:27,6
DA:28,6
DA:29,8
DA:30,1
LF:16
LH:16
BRDA:15,0,0,3
BRDA:15,1,0,3
BRDA:17,2,0,9
BRDA:22,3,0,8
BRDA:24,4,0,2
BRDA:26,5,0,6
BRF:6
BRH:6
end_of_record
TN:
SF:src\services\signal-query-service.ts
FN:28,SignalQueryService
FN:28,<instance_members_initializer>
FN:30,get database
FN:34,listSignals
FN:46,getSignalDetail
FN:60,summarizeSignal
FNF:6
FNH:6
FNDA:2,SignalQueryService
FNDA:2,<instance_members_initializer>
FNDA:12,get database
FNDA:13,listSignals
FNDA:7,getSignalDetail
FNDA:4,summarizeSignal
DA:2,1
DA:3,1
DA:4,1
DA:5,1
DA:27,1
DA:28,1
DA:30,1
DA:31,12
DA:32,12
DA:34,1
DA:35,13
DA:36,13
DA:37,13
DA:38,13
DA:39,13
DA:40,13
DA:41,13
DA:43,13
DA:44,13
DA:46,1
DA:47,7
DA:48,7
DA:49,2
DA:50,2
DA:52,5
DA:53,5
DA:54,7
DA:55,7
DA:57,7
DA:58,7
DA:60,1
DA:62,4
DA:63,4
DA:64,2
DA:65,2
DA:67,2
DA:68,2
DA:69,4
DA:70,1
LF:39
LH:39
BRDA:28,0,0,2
BRDA:28,1,0,2
BRDA:30,2,0,12
BRDA:34,3,0,13
BRDA:46,4,0,7
BRDA:48,5,0,2
BRDA:50,6,0,5
BRDA:54,7,0,3
BRDA:54,8,0,2
BRDA:53,9,0,6
BRDA:60,10,0,4
BRDA:63,11,0,2
BRF:12
BRH:12
end_of_record
TN:
SF:src\services\topic-manager.ts
FN:7,TopicManager
FN:7,<instance_members_initializer>
FN:9,getTopicWithCount
FN:16,create
FN:20,update
FN:24,delete
FN:28,listWithCounts
FNF:7
FNH:7
FNDA:8,TopicManager
FNDA:8,<instance_members_initializer>
FNDA:2,getTopicWithCount
FNDA:7,create
FNDA:6,update
FNDA:5,delete
FNDA:6,listWithCounts
DA:2,1
DA:6,1
DA:7,1
DA:9,1
DA:10,2
DA:11,2
DA:12,2
DA:13,2
DA:14,2
DA:16,1
DA:17,7
DA:18,7
DA:20,1
DA:21,6
DA:22,6
DA:24,1
DA:25,5
DA:26,5
DA:28,1
DA:29,6
DA:36,6
DA:37,6
DA:38,1
LF:23
LH:23
BRDA:7,0,0,8
BRDA:7,1,0,8
BRDA:9,2,0,2
BRDA:11,3,0,0
BRDA:16,4,0,7
BRDA:20,5,0,6
BRDA:24,6,0,5
BRDA:28,7,0,6
BRF:8
BRH:7
end_of_record
TN:
SF:src\utils\htmx-response.ts
FN:9,htmxNoContent
FNF:1
FNH:1
FNDA:16,htmxNoContent
DA:9,1
DA:10,16
DA:11,9
DA:12,16
DA:13,7
DA:14,7
DA:15,16
LF:7
LH:7
BRDA:9,0,0,16
BRDA:10,1,0,9
BRDA:12,2,0,7
BRF:3
BRH:3
end_of_record
